"g:/Users/Nadav/Documents/Unreal Projects/Swoimz/Swoimz.uproject" 1
"../../../Engine/Plugins/2D/Paper2D/Paper2D.uplugin" 2
"../../../Engine/Plugins/Blendables/LightPropagationVolume/LightPropagationVolume.uplugin" 3
"../../../Engine/Plugins/Developer/BlankPlugin/BlankPlugin.uplugin" 4
"../../../Engine/Plugins/Developer/CodeLiteSourceCodeAccess/CodeLiteSourceCodeAccess.uplugin" 5
"../../../Engine/Plugins/Developer/GitSourceControl/GitSourceControl.uplugin" 6
"../../../Engine/Plugins/Developer/KDevelopSourceCodeAccess/KDevelopSourceCodeAccess.uplugin" 7
"../../../Engine/Plugins/Developer/NullSourceCodeAccess/NullSourceCodeAccess.uplugin" 8
"../../../Engine/Plugins/Developer/OneSkyLocalizationService/OneSkyLocalizationService.uplugin" 9
"../../../Engine/Plugins/Developer/PerforceSourceControl/PerforceSourceControl.uplugin" 10
"../../../Engine/Plugins/Developer/SubversionSourceControl/SubversionSourceControl.uplugin" 11
"../../../Engine/Plugins/Developer/UObjectPlugin/UObjectPlugin.uplugin" 12
"../../../Engine/Plugins/Developer/VisualStudioSourceCodeAccess/VisualStudioSourceCodeAccess.uplugin" 13
"../../../Engine/Plugins/Developer/XCodeSourceCodeAccess/XCodeSourceCodeAccess.uplugin" 14
"../../../Engine/Plugins/Editor/EpicSurvey/EpicSurvey.uplugin" 15
"../../../Engine/Plugins/Editor/MacGraphicsSwitching/MacGraphicsSwitching.uplugin" 16
"../../../Engine/Plugins/Editor/PluginBrowser/PluginBrowser.uplugin" 17
"../../../Engine/Plugins/Editor/SpeedTreeImporter/SpeedTreeImporter.uplugin" 18
"../../../Engine/Plugins/Experimental/BlueprintStats/BlueprintStats.uplugin" 19
"../../../Engine/Plugins/Experimental/CharacterAI/CharacterAI.uplugin" 20
"../../../Engine/Plugins/Experimental/CodeEditor/CodeEditor.uplugin" 21
"../../../Engine/Plugins/Experimental/CodeView/CodeView.uplugin" 22
"../../../Engine/Plugins/Experimental/HTML5Networking/HTML5Networking.uplugin" 23
"../../../Engine/Plugins/Experimental/LiveEditor/LiveEditor.uplugin" 24
"../../../Engine/Plugins/Experimental/Phya/Phya.uplugin" 25
"../../../Engine/Plugins/Experimental/SimpleHMD/SimpleHMD.uplugin" 26
"../../../Engine/Plugins/Experimental/StructBox/StructBox.uplugin" 27
"../../../Engine/Plugins/Media/AndroidMedia/AndroidMedia.uplugin" 28
"../../../Engine/Plugins/Media/AvfMedia/AvfMedia.uplugin" 29
"../../../Engine/Plugins/Media/MediaPlayerEditor/MediaPlayerEditor.uplugin" 30
"../../../Engine/Plugins/Media/WmfMedia/WmfMedia.uplugin" 31
"../../../Engine/Plugins/Messaging/MessagingDebugger/MessagingDebugger.uplugin" 32
"../../../Engine/Plugins/Messaging/UdpMessaging/UdpMessaging.uplugin" 33
"../../../Engine/Plugins/NetcodeUnitTest/NetcodeUnitTest/NetcodeUnitTest.uplugin" 34
"../../../Engine/Plugins/NetcodeUnitTest/NUTUnrealEngine4/NUTUnrealEngine4.uplugin" 35
"../../../Engine/Plugins/Runtime/Advertising/IOSTapJoy/IOSTapJoy.uplugin" 36
"../../../Engine/Plugins/Runtime/Analytics/AnalyticsBlueprintLibrary/AnalyticsBlueprintLibrary.uplugin" 37
"../../../Engine/Plugins/Runtime/Analytics/AnalyticsMulticast/AnalyticsMulticast.uplugin" 38
"../../../Engine/Plugins/Runtime/Analytics/Apsalar/IOSApsalar/IOSApsalar.uplugin" 39
"../../../Engine/Plugins/Runtime/Analytics/FileLogging/FileLogging.uplugin" 40
"../../../Engine/Plugins/Runtime/Analytics/Flurry/IOSFlurry/IOSFlurry.uplugin" 41
"../../../Engine/Plugins/Runtime/AndroidDeviceProfileSelector/AndroidDeviceProfileSelector.uplugin" 42
"../../../Engine/Plugins/Runtime/AndroidMoviePlayer/AndroidMoviePlayer.uplugin" 43
"../../../Engine/Plugins/Runtime/AppleMoviePlayer/AppleMoviePlayer.uplugin" 44
"../../../Engine/Plugins/Runtime/ArchVisCharacter/ArchVisCharacter.uplugin" 45
"../../../Engine/Plugins/Runtime/CableComponent/CableComponent.uplugin" 46
"../../../Engine/Plugins/Runtime/CustomMeshComponent/CustomMeshComponent.uplugin" 47
"../../../Engine/Plugins/Runtime/ExampleDeviceProfileSelector/ExampleDeviceProfileSelector.uplugin" 48
"../../../Engine/Plugins/Runtime/GearVR/GearVR.uplugin" 49
"../../../Engine/Plugins/Runtime/IOSDeviceProfileSelector/IOSDeviceProfileSelector.uplugin" 50
"../../../Engine/Plugins/Runtime/LeapMotionController/LeapMotionController.uplugin" 51
"../../../Engine/Plugins/Runtime/LiveEditorListenServer/LiveEditorListenServer.uplugin" 52
"../../../Engine/Plugins/Runtime/OculusAudio/OculusAudio.uplugin" 53
"../../../Engine/Plugins/Runtime/OculusLibrary/OculusLibrary.uplugin" 54
"../../../Engine/Plugins/Runtime/OculusRift/OculusRift.uplugin" 55
"../../../Engine/Plugins/Runtime/ProceduralMeshComponent/ProceduralMeshComponent.uplugin" 56
"../../../Engine/Plugins/Runtime/SoundMod/SoundMod.uplugin" 57
"../../../Engine/Plugins/Runtime/SoundVisualizations/SoundVisualizations.uplugin" 58
"../../../Engine/Plugins/Runtime/Steam/SteamController/SteamController.uplugin" 59
"../../../Engine/Plugins/Runtime/Steam/SteamVR/SteamVR.uplugin" 60
"../../../Engine/Plugins/Runtime/WebBrowserWidget/WebBrowserWidget.uplugin" 61
"../../../Engine/Plugins/Runtime/WindowsDeviceProfileSelector/WindowsDeviceProfileSelector.uplugin" 62
"../../../Engine/Plugins/Runtime/WindowsMoviePlayer/WindowsMoviePlayer.uplugin" 63
"../../../Engine/Plugins/ScriptGeneratorPlugin/ScriptGeneratorPlugin.uplugin" 64
"../../../Engine/Plugins/ScriptPlugin/ScriptPlugin.uplugin" 65
"../../../Engine/Plugins/Slate/SlateRemote/SlateRemote.uplugin" 66
"..\..\..\Engine\Content\Internationalization\icudt53l\cnvalias.icu" 67
"..\..\..\Engine\Content\Internationalization\icudt53l\en_US_POSIX.res" 68
"..\..\..\Engine\Content\Internationalization\icudt53l\pool.res" 69
"..\..\..\Engine\Content\Internationalization\icudt53l\en_US.res" 70
"..\..\..\Engine\Content\Internationalization\icudt53l\en.res" 71
"..\..\..\Engine\Content\Internationalization\icudt53l\root.res" 72
"C:/Users/Nadav/AppData/Local/UnrealEngine/4.9/Saved/Config/Windows/Manifest.ini" 73
"../../../Engine/Config/Base.ini" 74
"../../../Engine/Config/BaseEngine.ini" 75
"g:/Users/Nadav/Documents/Unreal Projects/Swoimz/Config/DefaultEngine.ini" 76
"../../../Engine/Config/Windows/WindowsEngine.ini" 77
"g:/Users/Nadav/Documents/Unreal Projects/Swoimz/Saved/Config/Windows/Engine.ini" 78
"g:/Users/Nadav/Documents/Unreal Projects/Swoimz/Intermediate/Config/CoalescedSourceConfigs/Engine.ini" 79
"../../../Engine/Config/BaseGame.ini" 80
"g:/Users/Nadav/Documents/Unreal Projects/Swoimz/Config/DefaultGame.ini" 81
"g:/Users/Nadav/Documents/Unreal Projects/Swoimz/Saved/Config/Windows/Game.ini" 82
"g:/Users/Nadav/Documents/Unreal Projects/Swoimz/Intermediate/Config/CoalescedSourceConfigs/Game.ini" 83
"../../../Engine/Config/BaseInput.ini" 84
"g:/Users/Nadav/Documents/Unreal Projects/Swoimz/Config/DefaultInput.ini" 85
"g:/Users/Nadav/Documents/Unreal Projects/Swoimz/Saved/Config/Windows/Input.ini" 86
"g:/Users/Nadav/Documents/Unreal Projects/Swoimz/Intermediate/Config/CoalescedSourceConfigs/Input.ini" 87
"../../../Engine/Config/BaseEditor.ini" 88
"g:/Users/Nadav/Documents/Unreal Projects/Swoimz/Config/DefaultEditor.ini" 89
"g:/Users/Nadav/Documents/Unreal Projects/Swoimz/Saved/Config/Windows/Editor.ini" 90
"g:/Users/Nadav/Documents/Unreal Projects/Swoimz/Intermediate/Config/CoalescedSourceConfigs/Editor.ini" 91
"../../../Engine/Config/BaseEditorPerProjectUserSettings.ini" 92
"g:/Users/Nadav/Documents/Unreal Projects/Swoimz/Config/DefaultEditorPerProjectUserSettings.ini" 93
"g:/Users/Nadav/Documents/Unreal Projects/Swoimz/Saved/Config/Windows/EditorPerProjectUserSettings.ini" 94
"g:/Users/Nadav/Documents/Unreal Projects/Swoimz/Intermediate/Config/CoalescedSourceConfigs/EditorPerProjectUserSettings.ini" 95
"../../../Engine/Config/BaseEditorSettings.ini" 96
"C:/Users/Nadav/AppData/Local/UnrealEngine/4.9/Saved/Config/Windows/EditorSettings.ini" 97
"g:/Users/Nadav/Documents/Unreal Projects/Swoimz/Intermediate/Config/CoalescedSourceConfigs/EditorSettings.ini" 98
"../../../Engine/Config/BaseEditorLayout.ini" 99
"C:/Users/Nadav/AppData/Local/UnrealEngine/4.9/Saved/Config/Windows/EditorLayout.ini" 100
"g:/Users/Nadav/Documents/Unreal Projects/Swoimz/Intermediate/Config/CoalescedSourceConfigs/EditorLayout.ini" 101
"../../../Engine/Config/BaseEditorKeyBindings.ini" 102
"C:/Users/Nadav/AppData/Local/UnrealEngine/4.9/Saved/Config/Windows/EditorKeyBindings.ini" 103
"g:/Users/Nadav/Documents/Unreal Projects/Swoimz/Intermediate/Config/CoalescedSourceConfigs/EditorKeyBindings.ini" 104
"../../../Engine/Config/BaseCompat.ini" 105
"g:/Users/Nadav/Documents/Unreal Projects/Swoimz/Saved/Config/Windows/Compat.ini" 106
"g:/Users/Nadav/Documents/Unreal Projects/Swoimz/Intermediate/Config/CoalescedSourceConfigs/Compat.ini" 107
"../../../Engine/Config/BaseLightmass.ini" 108
"g:/Users/Nadav/Documents/Unreal Projects/Swoimz/Saved/Config/Windows/Lightmass.ini" 109
"g:/Users/Nadav/Documents/Unreal Projects/Swoimz/Intermediate/Config/CoalescedSourceConfigs/Lightmass.ini" 110
"../../../Engine/Config/BaseScalability.ini" 111
"g:/Users/Nadav/Documents/Unreal Projects/Swoimz/Saved/Config/Windows/Scalability.ini" 112
"g:/Users/Nadav/Documents/Unreal Projects/Swoimz/Intermediate/Config/CoalescedSourceConfigs/Scalability.ini" 113
"g:/Users/Nadav/Documents/Unreal Projects/Swoimz/Saved/Config/Windows/GameUserSettings.ini" 114
"g:/Users/Nadav/Documents/Unreal Projects/Swoimz/Intermediate/Config/CoalescedSourceConfigs/GameUserSettings.ini" 115
"../../../Engine/Config/BaseDeviceProfiles.ini" 116
"g:/Users/Nadav/Documents/Unreal Projects/Swoimz/Saved/Config/Windows/DeviceProfiles.ini" 117
"g:/Users/Nadav/Documents/Unreal Projects/Swoimz/Intermediate/Config/CoalescedSourceConfigs/DeviceProfiles.ini" 118
"../../../Engine/Config/ConsoleVariables.ini" 119
"..\..\..\Engine\Content\Internationalization\icudt53l\es.res" 120
"..\..\..\Engine\Content\Internationalization\icudt53l\ja.res" 121
"..\..\..\Engine\Content\Internationalization\icudt53l\ko.res" 122
"..\..\..\Engine\Content\Internationalization\icudt53l\pt_BR.res" 123
"..\..\..\Engine\Content\Internationalization\icudt53l\pt.res" 124
"..\..\..\Engine\Content\Internationalization\icudt53l\zh_CN.res" 125
"..\..\..\Engine\Content\Internationalization\icudt53l\zh_Hans_CN.res" 126
"..\..\..\Engine\Content\Internationalization\icudt53l\zh_Hans.res" 127
"..\..\..\Engine\Content\Internationalization\icudt53l\zh.res" 128
"C:/Program Files/Epic Games/4.9/Engine/Content/Localization/Editor/en/Editor.locres" 129
"C:/Program Files/Epic Games/4.9/Engine/Content/Localization/EditorTutorials/en/EditorTutorials.locres" 130
"C:/Program Files/Epic Games/4.9/Engine/Content/Localization/Keywords/en/Keywords.locres" 131
"C:/Program Files/Epic Games/4.9/Engine/Content/Localization/Category/en/Category.locres" 132
"C:/Program Files/Epic Games/4.9/Engine/Content/Localization/ToolTips/en/ToolTips.locres" 133
"C:/Program Files/Epic Games/4.9/Engine/Content/Localization/PropertyNames/en/PropertyNames.locres" 134
"C:/Program Files/Epic Games/4.9/Engine/Content/Localization/Engine/en/Engine.locres" 135
"../../../Engine/Content/Slate/Fonts/Roboto-Regular.ttf" 136
"../../../Engine/Content/Slate/Fonts/DroidSansMono.ttf" 137
"../../../Engine/Content/Slate/Fonts/Roboto-Bold.ttf" 138
"../../../Engine/Content/Slate/Fonts/Roboto-Light.ttf" 139
"C:/Program Files/Epic Games/4.9/Engine/Binaries/Win64/../../../Engine/Shaders/ParticleSpriteVertexFactory.usf" 140
"C:/Program Files/Epic Games/4.9/Engine/Binaries/Win64/../../../Engine/Shaders/VertexFactoryCommon.usf" 141
"C:/Program Files/Epic Games/4.9/Engine/Binaries/Win64/../../../Engine/Shaders/Common.usf" 142
"C:/Program Files/Epic Games/4.9/Engine/Binaries/Win64/../../../Engine/Shaders/MetalCommon.usf" 143
"C:/Program Files/Epic Games/4.9/Engine/Binaries/Win64/../../../Engine/Shaders/ShaderVersion.usf" 144
"C:/Program Files/Epic Games/4.9/Engine/Binaries/Win64/../../../Engine/Shaders/CommonViewUniformBuffer.usf" 145
"C:/Program Files/Epic Games/4.9/Engine/Binaries/Win64/../../../Engine/Shaders/Definitions.usf" 146
"C:/Program Files/Epic Games/4.9/Engine/Binaries/Win64/../../../Engine/Shaders/Random.usf" 147
"C:/Program Files/Epic Games/4.9/Engine/Binaries/Win64/../../../Engine/Shaders/ParticleVertexFactoryCommon.usf" 148
"C:/Program Files/Epic Games/4.9/Engine/Binaries/Win64/../../../Engine/Shaders/ParticleGPUSpriteVertexFactory.usf" 149
"C:/Program Files/Epic Games/4.9/Engine/Binaries/Win64/../../../Engine/Shaders/ParticleBeamTrailVertexFactory.usf" 150
"C:/Program Files/Epic Games/4.9/Engine/Binaries/Win64/../../../Engine/Shaders/LocalVertexFactory.usf" 151
"C:/Program Files/Epic Games/4.9/Engine/Binaries/Win64/../../../Engine/Shaders/LocalVertexFactoryCommon.usf" 152
"C:/Program Files/Epic Games/4.9/Engine/Binaries/Win64/../../../Engine/Shaders/VectorFieldVisualizationVertexFactory.usf" 153
"C:/Program Files/Epic Games/4.9/Engine/Binaries/Win64/../../../Engine/Shaders/MeshParticleVertexFactory.usf" 154
"C:/Program Files/Epic Games/4.9/Engine/Binaries/Win64/../../../Engine/Shaders/GpuSkinVertexFactory.usf" 155
"C:/Program Files/Epic Games/4.9/Engine/Binaries/Win64/../../../Engine/Shaders/GpuSkinCacheCommon.usf" 156
"C:/Program Files/Epic Games/4.9/Engine/Binaries/Win64/../../../Engine/Shaders/LandscapeVertexFactory.usf" 157
"C:/Program Files/Epic Games/4.9/Engine/Binaries/Win64/../../../Engine/Shaders/SlateElementPixelShader.usf" 158
"C:/Program Files/Epic Games/4.9/Engine/Binaries/Win64/../../../Engine/Shaders/GammaCorrectionCommon.usf" 159
"C:/Program Files/Epic Games/4.9/Engine/Binaries/Win64/../../../Engine/Shaders/MaterialTemplate.usf" 160
"C:/Program Files/Epic Games/4.9/Engine/Binaries/Win64/../../../Engine/Shaders/DepthOfFieldCommon.usf" 161
"C:/Program Files/Epic Games/4.9/Engine/Binaries/Win64/../../../Engine/Shaders/GlobalDistanceFieldShared.usf" 162
"C:/Program Files/Epic Games/4.9/Engine/Binaries/Win64/../../../Engine/Shaders/SpeedTreeCommon.usf" 163
"C:/Program Files/Epic Games/4.9/Engine/Binaries/Win64/../../../Engine/Shaders/AtmosphereCommon.usf" 164
"C:/Program Files/Epic Games/4.9/Engine/Binaries/Win64/../../../Engine/Shaders/PaniniProjection.usf" 165
"C:/Program Files/Epic Games/4.9/Engine/Binaries/Win64/../../../Engine/Shaders/EyeAdaptationCommon.usf" 166
"C:/Program Files/Epic Games/4.9/Engine/Binaries/Win64/../../../Engine/Shaders/PostProcessCommon.usf" 167
"C:/Program Files/Epic Games/4.9/Engine/Binaries/Win64/../../../Engine/Shaders/DeferredShadingCommon.usf" 168
"C:/Program Files/Epic Games/4.9/Engine/Binaries/Win64/../../../Engine/Shaders/LightAccumulator.usf" 169
"C:/Program Files/Epic Games/4.9/Engine/Binaries/Win64/../../../Engine/Shaders/SlateVertexShader.usf" 170
"C:/Program Files/Epic Games/4.9/Engine/Binaries/Win64/../../../Engine/Shaders/ParticleSortKeyGen.usf" 171
"C:/Program Files/Epic Games/4.9/Engine/Binaries/Win64/../../../Engine/Shaders/ParticleBoundsShader.usf" 172
"C:/Program Files/Epic Games/4.9/Engine/Binaries/Win64/../../../Engine/Shaders/ParticleSimVisualizeShader.usf" 173
"C:/Program Files/Epic Games/4.9/Engine/Binaries/Win64/../../../Engine/Shaders/ParticleInjectionShader.usf" 174
"C:/Program Files/Epic Games/4.9/Engine/Binaries/Win64/../../../Engine/Shaders/ParticleSimulationShader.usf" 175
"C:/Program Files/Epic Games/4.9/Engine/Binaries/Win64/../../../Engine/Shaders/ParticleCurveInjectionShader.usf" 176
"C:/Program Files/Epic Games/4.9/Engine/Binaries/Win64/../../../Engine/Shaders/VectorFieldCompositeShaders.usf" 177
"C:/Program Files/Epic Games/4.9/Engine/Binaries/Win64/../../../Engine/Shaders/UpdateTextureShaders.usf" 178
"C:/Program Files/Epic Games/4.9/Engine/Binaries/Win64/../../../Engine/Shaders/SimpleElementColorChannelMaskPixelShader.usf" 179
"C:/Program Files/Epic Games/4.9/Engine/Binaries/Win64/../../../Engine/Shaders/SimpleElementPixelShader.usf" 180
"C:/Program Files/Epic Games/4.9/Engine/Binaries/Win64/../../../Engine/Shaders/ColorUtils.usf" 181
"C:/Program Files/Epic Games/4.9/Engine/Binaries/Win64/../../../Engine/Shaders/IESLightProfilesCommon.usf" 182
"C:/Program Files/Epic Games/4.9/Engine/Binaries/Win64/../../../Engine/Shaders/SimpleElementHitProxyPixelShader.usf" 183
"C:/Program Files/Epic Games/4.9/Engine/Binaries/Win64/../../../Engine/Shaders/SimpleElementVertexShader.usf" 184
"C:/Program Files/Epic Games/4.9/Engine/Binaries/Win64/../../../Engine/Shaders/ScreenVertexShader.usf" 185
"C:/Program Files/Epic Games/4.9/Engine/Binaries/Win64/../../../Engine/Shaders/ScreenPixelShader.usf" 186
"C:/Program Files/Epic Games/4.9/Engine/Binaries/Win64/../../../Engine/Shaders/RadixSortShaders.usf" 187
"C:/Program Files/Epic Games/4.9/Engine/Binaries/Win64/../../../Engine/Shaders/GpuSkinCacheComputeShader.usf" 188
"C:/Program Files/Epic Games/4.9/Engine/Binaries/Win64/../../../Engine/Shaders/NullPixelShader.usf" 189
"C:/Program Files/Epic Games/4.9/Engine/Binaries/Win64/../../../Engine/Shaders/LandscapeGrassWeight.usf" 190
"C:/Program Files/Epic Games/4.9/Engine/Binaries/Win64/../../../Engine/Shaders/VisualizeTexture.usf" 191
"C:/Program Files/Epic Games/4.9/Engine/Binaries/Win64/../../../Engine/Shaders/ScreenSpaceReflections.usf" 192
"C:/Program Files/Epic Games/4.9/Engine/Binaries/Win64/../../../Engine/Shaders/BRDF.usf" 193
"C:/Program Files/Epic Games/4.9/Engine/Binaries/Win64/../../../Engine/Shaders/MonteCarlo.usf" 194
"C:/Program Files/Epic Games/4.9/Engine/Binaries/Win64/../../../Engine/Shaders/ScreenSpaceRayCast.usf" 195
"C:/Program Files/Epic Games/4.9/Engine/Binaries/Win64/../../../Engine/Shaders/FilterVertexShader.usf" 196
"C:/Program Files/Epic Games/4.9/Engine/Binaries/Win64/../../../Engine/Shaders/FilterPixelShader.usf" 197
"C:/Program Files/Epic Games/4.9/Engine/Binaries/Win64/../../../Engine/Shaders/PostProcessVisualizeHDR.usf" 198
"C:/Program Files/Epic Games/4.9/Engine/Binaries/Win64/../../../Engine/Shaders/PostProcessHistogramCommon.usf" 199
"C:/Program Files/Epic Games/4.9/Engine/Binaries/Win64/../../../Engine/Shaders/TonemapCommon.usf" 200
"C:/Program Files/Epic Games/4.9/Engine/Binaries/Win64/../../../Engine/Shaders/ACES.usf" 201
"C:/Program Files/Epic Games/4.9/Engine/Binaries/Win64/../../../Engine/Shaders/MiniFontCommon.usf" 202
"C:/Program Files/Epic Games/4.9/Engine/Binaries/Win64/../../../Engine/Shaders/PostProcessVisualizeBuffer.usf" 203
"C:/Program Files/Epic Games/4.9/Engine/Binaries/Win64/../../../Engine/Shaders/PostProcessUpscale.usf" 204
"C:/Program Files/Epic Games/4.9/Engine/Binaries/Win64/../../../Engine/Shaders/PostProcessTonemap.usf" 205
"C:/Program Files/Epic Games/4.9/Engine/Binaries/Win64/../../../Engine/Shaders/PostProcessTestImage.usf" 206
"C:/Program Files/Epic Games/4.9/Engine/Binaries/Win64/../../../Engine/Shaders/PostProcessTemporalAA.usf" 207
"C:/Program Files/Epic Games/4.9/Engine/Binaries/Win64/../../../Engine/Shaders/PostProcessTemporalCommon.usf" 208
"C:/Program Files/Epic Games/4.9/Engine/Binaries/Win64/../../../Engine/Shaders/PostProcessSubsurface.usf" 209
"C:/Program Files/Epic Games/4.9/Engine/Binaries/Win64/../../../Engine/Shaders/SeparableSSS.usf" 210
"C:/Program Files/Epic Games/4.9/Engine/Binaries/Win64/../../../Engine/Shaders/PostProcessSelectionOutline.usf" 211
"C:/Program Files/Epic Games/4.9/Engine/Binaries/Win64/../../../Engine/Shaders/PostProcessSceneColorFringe.usf" 212
"C:/Program Files/Epic Games/4.9/Engine/Binaries/Win64/../../../Engine/Shaders/PostProcessNoiseBlur.usf" 213
"C:/Program Files/Epic Games/4.9/Engine/Binaries/Win64/../../../Engine/Shaders/PostProcessMotionBlur.usf" 214
"C:/Program Files/Epic Games/4.9/Engine/Binaries/Win64/../../../Engine/Shaders/FastMath.usf" 215
"C:/Program Files/Epic Games/4.9/Engine/Binaries/Win64/../../../Engine/Shaders/PostProcessVelocityFlatten.usf" 216
"C:/Program Files/Epic Games/4.9/Engine/Binaries/Win64/../../../Engine/Shaders/MorpheusInclude.usf" 217
"C:/Program Files/Epic Games/4.9/Engine/Binaries/Win64/../../../Engine/Shaders/PostProcessMobile.usf" 218
"C:/Program Files/Epic Games/4.9/Engine/Binaries/Win64/../../../Engine/Shaders/PostProcessMaterialShaders.usf" 219
"C:/Program Files/Epic Games/4.9/Engine/Binaries/Win64/../../../Engine/Shaders/PostProcessLensFlares.usf" 220
"C:/Program Files/Epic Games/4.9/Engine/Binaries/Win64/../../../Engine/Shaders/PostProcessLensBlur.usf" 221
"C:/Program Files/Epic Games/4.9/Engine/Binaries/Win64/../../../Engine/Shaders/PostProcessBloom.usf" 222
"C:/Program Files/Epic Games/4.9/Engine/Binaries/Win64/../../../Engine/Shaders/PostProcessHMD.usf" 223
"C:/Program Files/Epic Games/4.9/Engine/Binaries/Win64/../../../Engine/Shaders/PostProcessHistogramReduce.usf" 224
"C:/Program Files/Epic Games/4.9/Engine/Binaries/Win64/../../../Engine/Shaders/PostProcessHistogram.usf" 225
"C:/Program Files/Epic Games/4.9/Engine/Binaries/Win64/../../../Engine/Shaders/PostProcessHierarchical.usf" 226
"C:/Program Files/Epic Games/4.9/Engine/Binaries/Win64/../../../Engine/Shaders/PostProcessGBufferHints.usf" 227
"C:/Program Files/Epic Games/4.9/Engine/Binaries/Win64/../../../Engine/Shaders/PostProcessEyeAdaptation.usf" 228
"C:/Program Files/Epic Games/4.9/Engine/Binaries/Win64/../../../Engine/Shaders/PostProcessDownsample.usf" 229
"C:/Program Files/Epic Games/4.9/Engine/Binaries/Win64/../../../Engine/Shaders/PostProcessDOF.usf" 230
"C:/Program Files/Epic Games/4.9/Engine/Binaries/Win64/../../../Engine/Shaders/PostProcessCompositeEditorPrimitives.usf" 231
"C:/Program Files/Epic Games/4.9/Engine/Binaries/Win64/../../../Engine/Shaders/PostProcessCombineLUTs.usf" 232
"C:/Program Files/Epic Games/4.9/Engine/Binaries/Win64/../../../Engine/Shaders/PostProcessCircleDOF.usf" 233
"C:/Program Files/Epic Games/4.9/Engine/Binaries/Win64/../../../Engine/Shaders/CircleDOFCommon.usf" 234
"C:/Program Files/Epic Games/4.9/Engine/Binaries/Win64/../../../Engine/Shaders/PostProcessBusyWait.usf" 235
"C:/Program Files/Epic Games/4.9/Engine/Binaries/Win64/../../../Engine/Shaders/PostProcessBokehDOF.usf" 236
"C:/Program Files/Epic Games/4.9/Engine/Binaries/Win64/../../../Engine/Shaders/PostProcessVisualizeDOF.usf" 237
"C:/Program Files/Epic Games/4.9/Engine/Binaries/Win64/../../../Engine/Shaders/FXAAShader.usf" 238
"C:/Program Files/Epic Games/4.9/Engine/Binaries/Win64/../../../Engine/Shaders/Fxaa3_11.usf" 239
"C:/Program Files/Epic Games/4.9/Engine/Binaries/Win64/../../../Engine/Shaders/PostProcessPassThrough.usf" 240
"C:/Program Files/Epic Games/4.9/Engine/Binaries/Win64/../../../Engine/Shaders/PostProcessLpvIndirect.usf" 241
"C:/Program Files/Epic Games/4.9/Engine/Binaries/Win64/../../../Engine/Shaders/DeferredLightingCommon.usf" 242
"C:/Program Files/Epic Games/4.9/Engine/Binaries/Win64/../../../Engine/Shaders/DynamicLightingCommon.usf" 243
"C:/Program Files/Epic Games/4.9/Engine/Binaries/Win64/../../../Engine/Shaders/ShadingModels.usf" 244
"C:/Program Files/Epic Games/4.9/Engine/Binaries/Win64/../../../Engine/Shaders/LPVFinalPass.usf" 245
"C:/Program Files/Epic Games/4.9/Engine/Binaries/Win64/../../../Engine/Shaders/LPVCommon.usf" 246
"C:/Program Files/Epic Games/4.9/Engine/Binaries/Win64/../../../Engine/Shaders/DeferredDecal.usf" 247
"C:/Program Files/Epic Games/4.9/Engine/Binaries/Win64/../../../Engine/Shaders/PostProcessAmbientOcclusion.usf" 248
"C:/Program Files/Epic Games/4.9/Engine/Binaries/Win64/../../../Engine/Shaders/PostProcessAmbient.usf" 249
"C:/Program Files/Epic Games/4.9/Engine/Binaries/Win64/../../../Engine/Shaders/CubemapCommon.usf" 250
"C:/Program Files/Epic Games/4.9/Engine/Binaries/Win64/../../../Engine/Shaders/VelocityShader.usf" 251
"C:/Program Files/Epic Games/4.9/Engine/Binaries/Win64/../../../Engine/Shaders/VelocityCommon.usf" 252
"C:/Program Files/Epic Games/4.9/Engine/Binaries/Win64/../../../Engine/Shaders/Tessellation.usf" 253
"C:/Program Files/Epic Games/4.9/Engine/Binaries/Win64/../../../Engine/Shaders/FlatTessellation.usf" 254
"C:/Program Files/Epic Games/4.9/Engine/Binaries/Win64/../../../Engine/Shaders/PNTriangles.usf" 255
"C:/Program Files/Epic Games/4.9/Engine/Binaries/Win64/../../../Engine/Shaders/TranslucentLightingShaders.usf" 256
"C:/Program Files/Epic Games/4.9/Engine/Binaries/Win64/../../../Engine/Shaders/SHCommon.usf" 257
"C:/Program Files/Epic Games/4.9/Engine/Binaries/Win64/../../../Engine/Shaders/ShadowProjectionCommon.usf" 258
"C:/Program Files/Epic Games/4.9/Engine/Binaries/Win64/../../../Engine/Shaders/TranslucentLightInjectionShaders.usf" 259
"C:/Program Files/Epic Games/4.9/Engine/Binaries/Win64/../../../Engine/Shaders/LightFunctionCommon.usf" 260
"C:/Program Files/Epic Games/4.9/Engine/Binaries/Win64/../../../Engine/Shaders/TranslucentShadowDepthShaders.usf" 261
"C:/Program Files/Epic Games/4.9/Engine/Binaries/Win64/../../../Engine/Shaders/ShadowDepthCommon.usf" 262
"C:/Program Files/Epic Games/4.9/Engine/Binaries/Win64/../../../Engine/Shaders/TiledDeferredLightShaders.usf" 263
"C:/Program Files/Epic Games/4.9/Engine/Binaries/Win64/../../../Engine/Shaders/SurfelTree.usf" 264
"C:/Program Files/Epic Games/4.9/Engine/Binaries/Win64/../../../Engine/Shaders/DistanceFieldLightingShared.usf" 265
"C:/Program Files/Epic Games/4.9/Engine/Binaries/Win64/../../../Engine/Shaders/SurfelMaterialShared.usf" 266
"C:/Program Files/Epic Games/4.9/Engine/Binaries/Win64/../../../Engine/Shaders/DistanceFieldAOShared.usf" 267
"C:/Program Files/Epic Games/4.9/Engine/Binaries/Win64/../../../Engine/Shaders/ShadowProjectionPixelShader.usf" 268
"C:/Program Files/Epic Games/4.9/Engine/Binaries/Win64/../../../Engine/Shaders/ShadowFilteringCommon.usf" 269
"C:/Program Files/Epic Games/4.9/Engine/Binaries/Win64/../../../Engine/Shaders/ShadowProjectionVertexShader.usf" 270
"C:/Program Files/Epic Games/4.9/Engine/Binaries/Win64/../../../Engine/Shaders/ShadowDepthPixelShader.usf" 271
"C:/Program Files/Epic Games/4.9/Engine/Binaries/Win64/../../../Engine/Shaders/LPVWriteVplCommon.usf" 272
"C:/Program Files/Epic Games/4.9/Engine/Binaries/Win64/../../../Engine/Shaders/LPVWriteCommon.usf" 273
"C:/Program Files/Epic Games/4.9/Engine/Binaries/Win64/../../../Engine/Shaders/ShadowDepthVertexShader.usf" 274
"C:/Program Files/Epic Games/4.9/Engine/Binaries/Win64/../../../Engine/Shaders/ShaderComplexityApplyPixelShader.usf" 275
"C:/Program Files/Epic Games/4.9/Engine/Binaries/Win64/../../../Engine/Shaders/ShaderComplexityApplyVertexShader.usf" 276
"C:/Program Files/Epic Games/4.9/Engine/Binaries/Win64/../../../Engine/Shaders/ShaderComplexityAccumulatePixelShader.usf" 277
"C:/Program Files/Epic Games/4.9/Engine/Binaries/Win64/../../../Engine/Shaders/HZBOcclusion.usf" 278
"C:/Program Files/Epic Games/4.9/Engine/Binaries/Win64/../../../Engine/Shaders/OcclusionQueryVertexShader.usf" 279
"C:/Program Files/Epic Games/4.9/Engine/Binaries/Win64/../../../Engine/Shaders/HitProxyPixelShader.usf" 280
"C:/Program Files/Epic Games/4.9/Engine/Binaries/Win64/../../../Engine/Shaders/HitProxyVertexShader.usf" 281
"C:/Program Files/Epic Games/4.9/Engine/Binaries/Win64/../../../Engine/Shaders/ReflectionEnvironmentShaders.usf" 282
"C:/Program Files/Epic Games/4.9/Engine/Binaries/Win64/../../../Engine/Shaders/ReflectionEnvironmentShared.usf" 283
"C:/Program Files/Epic Games/4.9/Engine/Binaries/Win64/../../../Engine/Shaders/SkyLightingShared.usf" 284
"C:/Program Files/Epic Games/4.9/Engine/Binaries/Win64/../../../Engine/Shaders/ReflectionEnvironmentComputeShaders.usf" 285
"C:/Program Files/Epic Games/4.9/Engine/Binaries/Win64/../../../Engine/Shaders/LightShaftShader.usf" 286
"C:/Program Files/Epic Games/4.9/Engine/Binaries/Win64/../../../Engine/Shaders/StationaryLightOverlapShaders.usf" 287
"C:/Program Files/Epic Games/4.9/Engine/Binaries/Win64/../../../Engine/Shaders/DeferredLightPixelShaders.usf" 288
"C:/Program Files/Epic Games/4.9/Engine/Binaries/Win64/../../../Engine/Shaders/DeferredLightVertexShaders.usf" 289
"C:/Program Files/Epic Games/4.9/Engine/Binaries/Win64/../../../Engine/Shaders/LPVVisualise.usf" 290
"C:/Program Files/Epic Games/4.9/Engine/Binaries/Win64/../../../Engine/Shaders/LPVGeometryVolumeCommon.usf" 291
"C:/Program Files/Epic Games/4.9/Engine/Binaries/Win64/../../../Engine/Shaders/LPVDirectLightInject.usf" 292
"C:/Program Files/Epic Games/4.9/Engine/Binaries/Win64/../../../Engine/Shaders/LPVPropagate.usf" 293
"C:/Program Files/Epic Games/4.9/Engine/Binaries/Win64/../../../Engine/Shaders/LPVPacking.usf" 294
"C:/Program Files/Epic Games/4.9/Engine/Binaries/Win64/../../../Engine/Shaders/LPVBuildGeometryVolume.usf" 295
"C:/Program Files/Epic Games/4.9/Engine/Binaries/Win64/../../../Engine/Shaders/LpvDirectionalOcclusion.usf" 296
"C:/Program Files/Epic Games/4.9/Engine/Binaries/Win64/../../../Engine/Shaders/LPVInject_AccumulateVplLists.usf" 297
"C:/Program Files/Epic Games/4.9/Engine/Binaries/Win64/../../../Engine/Shaders/LPVInject_GenerateVplLists.usf" 298
"C:/Program Files/Epic Games/4.9/Engine/Binaries/Win64/../../../Engine/Shaders/LPVClearLists.usf" 299
"C:/Program Files/Epic Games/4.9/Engine/Binaries/Win64/../../../Engine/Shaders/LPVClear.usf" 300
"C:/Program Files/Epic Games/4.9/Engine/Binaries/Win64/../../../Engine/Shaders/LightMapDensityShader.usf" 301
"C:/Program Files/Epic Games/4.9/Engine/Binaries/Win64/../../../Engine/Shaders/LightFunctionPixelShader.usf" 302
"C:/Program Files/Epic Games/4.9/Engine/Binaries/Win64/../../../Engine/Shaders/LightFunctionVertexShader.usf" 303
"C:/Program Files/Epic Games/4.9/Engine/Binaries/Win64/../../../Engine/Shaders/HeightfieldLighting.usf" 304
"C:/Program Files/Epic Games/4.9/Engine/Binaries/Win64/../../../Engine/Shaders/DistanceFieldShadowingShared.usf" 305
"C:/Program Files/Epic Games/4.9/Engine/Binaries/Win64/../../../Engine/Shaders/HdrCustomResolveShaders.usf" 306
"C:/Program Files/Epic Games/4.9/Engine/Binaries/Win64/../../../Engine/Shaders/GPUBenchmark.usf" 307
"C:/Program Files/Epic Games/4.9/Engine/Binaries/Win64/../../../Engine/Shaders/GlobalDistanceField.usf" 308
"C:/Program Files/Epic Games/4.9/Engine/Binaries/Win64/../../../Engine/Shaders/GammaCorrection.usf" 309
"C:/Program Files/Epic Games/4.9/Engine/Binaries/Win64/../../../Engine/Shaders/BasePassForForwardShadingPixelShader.usf" 310
"C:/Program Files/Epic Games/4.9/Engine/Binaries/Win64/../../../Engine/Shaders/BasePassForForwardShadingCommon.usf" 311
"C:/Program Files/Epic Games/4.9/Engine/Binaries/Win64/../../../Engine/Shaders/LightmapCommon.usf" 312
"C:/Program Files/Epic Games/4.9/Engine/Binaries/Win64/../../../Engine/Shaders/BasePassForForwardShadingVertexShader.usf" 313
"C:/Program Files/Epic Games/4.9/Engine/Binaries/Win64/../../../Engine/Shaders/HeightFogCommon.usf" 314
"C:/Program Files/Epic Games/4.9/Engine/Binaries/Win64/../../../Engine/Shaders/HeightFogPixelShader.usf" 315
"C:/Program Files/Epic Games/4.9/Engine/Binaries/Win64/../../../Engine/Shaders/HeightFogVertexShader.usf" 316
"C:/Program Files/Epic Games/4.9/Engine/Binaries/Win64/../../../Engine/Shaders/DistortAccumulatePS.usf" 317
"C:/Program Files/Epic Games/4.9/Engine/Binaries/Win64/../../../Engine/Shaders/DistortAccumulateVS.usf" 318
"C:/Program Files/Epic Games/4.9/Engine/Binaries/Win64/../../../Engine/Shaders/DistortApplyScreenPS.usf" 319
"C:/Program Files/Epic Games/4.9/Engine/Binaries/Win64/../../../Engine/Shaders/DistanceFieldSurfaceCacheLighting.usf" 320
"C:/Program Files/Epic Games/4.9/Engine/Binaries/Win64/../../../Engine/Shaders/SkyLighting.usf" 321
"C:/Program Files/Epic Games/4.9/Engine/Binaries/Win64/../../../Engine/Shaders/DistanceFieldSurfaceCacheLightingCompute.usf" 322
"C:/Program Files/Epic Games/4.9/Engine/Binaries/Win64/../../../Engine/Shaders/DistanceFieldShadowing.usf" 323
"C:/Program Files/Epic Games/4.9/Engine/Binaries/Win64/../../../Engine/Shaders/DistanceFieldScreenGridLighting.usf" 324
"C:/Program Files/Epic Games/4.9/Engine/Binaries/Win64/../../../Engine/Shaders/DistanceFieldLightingPost.usf" 325
"C:/Program Files/Epic Games/4.9/Engine/Binaries/Win64/../../../Engine/Shaders/DistanceFieldGlobalIllumination.usf" 326
"C:/Program Files/Epic Games/4.9/Engine/Binaries/Win64/../../../Engine/Shaders/DepthOnlyPixelShader.usf" 327
"C:/Program Files/Epic Games/4.9/Engine/Binaries/Win64/../../../Engine/Shaders/DepthOnlyVertexShader.usf" 328
"C:/Program Files/Epic Games/4.9/Engine/Binaries/Win64/../../../Engine/Shaders/PositionOnlyDepthVertexShader.usf" 329
"C:/Program Files/Epic Games/4.9/Engine/Binaries/Win64/../../../Engine/Shaders/DownsampleDepthPixelShader.usf" 330
"C:/Program Files/Epic Games/4.9/Engine/Binaries/Win64/../../../Engine/Shaders/EvaluateSurfelMaterial.usf" 331
"C:/Program Files/Epic Games/4.9/Engine/Binaries/Win64/../../../Engine/Shaders/ConvertToUniformMesh.usf" 332
"C:/Program Files/Epic Games/4.9/Engine/Binaries/Win64/../../../Engine/Shaders/BasePassPixelShader.usf" 333
"C:/Program Files/Epic Games/4.9/Engine/Binaries/Win64/../../../Engine/Shaders/BasePassCommon.usf" 334
"C:/Program Files/Epic Games/4.9/Engine/Binaries/Win64/../../../Engine/Shaders/ForEachLight.usf" 335
"C:/Program Files/Epic Games/4.9/Engine/Binaries/Win64/../../../Engine/Shaders/BasePassVertexShader.usf" 336
"C:/Program Files/Epic Games/4.9/Engine/Binaries/Win64/../../../Engine/Shaders/BasePassVertexCommon.usf" 337
"C:/Program Files/Epic Games/4.9/Engine/Binaries/Win64/../../../Engine/Shaders/BasePassTessellationShaders.usf" 338
"C:/Program Files/Epic Games/4.9/Engine/Binaries/Win64/../../../Engine/Shaders/AtmospherePrecompute.usf" 339
"C:/Program Files/Epic Games/4.9/Engine/Binaries/Win64/../../../Engine/Shaders/AtmospherePrecomputeCommon.usf" 340
"C:/Program Files/Epic Games/4.9/Engine/Binaries/Win64/../../../Engine/Shaders/AtmospherePrecomputeInscatter.usf" 341
"C:/Program Files/Epic Games/4.9/Engine/Binaries/Win64/../../../Engine/Shaders/AtmosphericFogShader.usf" 342
"C:/Program Files/Epic Games/4.9/Engine/Binaries/Win64/../../../Engine/Shaders/ResolveVertexShader.usf" 343
"C:/Program Files/Epic Games/4.9/Engine/Binaries/Win64/../../../Engine/Shaders/ResolvePixelShader.usf" 344
"C:/Program Files/Epic Games/4.9/Engine/Binaries/Win64/../../../Engine/Shaders/OneColorShader.usf" 345
"C:/Program Files/Epic Games/4.9/Engine/Binaries/Win64/../../../Engine/Shaders/MediaShaders.usf" 346
"C:/Program Files/Epic Games/4.9/Engine/Binaries/Win64/../../../Engine/Shaders/ClearReplacementShaders.usf" 347
"C:/Program Files/Epic Games/4.9/Engine/Binaries/Win64/../../../Engine/Shaders/SimpleElementTexture2DPreviewPixelShader.usf" 348
"C:/Program Files/Epic Games/4.9/Engine/Binaries/Win64/../../../Engine/Shaders/SimpleElementNormalMapPixelShader.usf" 349
"C:/Program Files/Epic Games/4.9/Engine/Binaries/Win64/../../../Engine/Shaders/meshpaintdilatepixelshader.usf" 350
"C:/Program Files/Epic Games/4.9/Engine/Binaries/Win64/../../../Engine/Shaders/meshpaintdilatevertexshader.usf" 351
"C:/Program Files/Epic Games/4.9/Engine/Binaries/Win64/../../../Engine/Shaders/MeshPaintPixelShader.usf" 352
"C:/Program Files/Epic Games/4.9/Engine/Binaries/Win64/../../../Engine/Shaders/MeshPaintVertexShader.usf" 353
"../../../Engine/Config/Android/AndroidEngine.ini" 354
"../../../Engine/Config/IOS/IOSEngine.ini" 355
"../../../Engine/Config/Linux/LinuxEngine.ini" 356
"C:/Users/Nadav/AppData/Local/UnrealEngine/4.9/DerivedDataCache/Boot.ddc" 357
"../../../Engine/DerivedDataCache/Compressed.ddp" 358
"../../../Engine/Content/EngineFonts/Roboto.uasset" 359
"../../../Engine/Content/EngineMaterials/Widget3DPassThrough_Translucent.uasset" 360
"../../../Engine/Content/EngineMaterials/Widget3DPassThrough.uasset" 361
"../../../Engine/Content/Functions/Engine_MaterialFunctions02/Texturing/ScreenAlignedUVs.uasset" 362
"../../../Engine/Content/EngineResources/WhiteSquareTexture.uasset" 363
"../../../Engine/Content/Functions/Engine_MaterialFunctions01/Shading/PowerToRoughness.uasset" 364
"../../../Engine/Content/Functions/Engine_MaterialFunctions01/Shading/ConvertFromDiffSpec.uasset" 365
"../../../Engine/Content/EngineMaterials/WorldGridMaterial.uasset" 366
"../../../Engine/Content/Functions/Engine_MaterialFunctions01/Opacity/CameraDepthFade.uasset" 367
"../../../Engine/Content/EngineMaterials/T_Default_Material_Grid_M.uasset" 368
"../../../Engine/Content/EngineMaterials/T_Default_Material_Grid_N.uasset" 369
"../../../Engine/Content/EngineMaterials/DefaultDeferredDecalMaterial.uasset" 370
"../../../Engine/Content/EngineMaterials/DefaultDiffuse.uasset" 371
"../../../Engine/Content/EngineMaterials/DefaultLightFunctionMaterial.uasset" 372
"../../../Engine/Content/EngineMaterials/DefaultPostProcessMaterial.uasset" 373
"../../../Engine/Content/Functions/Engine_MaterialFunctions02/Utility/BreakOutFloat2Components.uasset" 374
"../../../Engine/Content/EngineResources/DefaultTexture.uasset" 375
"../../../Engine/Content/EngineMaterials/Widget3DPassThrough_Translucent_OneSided.uasset" 376
"../../../Engine/Content/EngineMaterials/Widget3DPassThrough_Opaque.uasset" 377
"../../../Engine/Content/EngineMaterials/Widget3DPassThrough_Opaque_OneSided.uasset" 378
"../../../Engine/Content/EngineMaterials/Widget3DPassThrough_Masked.uasset" 379
"../../../Engine/Content/EngineMaterials/Widget3DPassThrough_Masked_OneSided.uasset" 380
"../../../Engine/Content/EditorResources/S_Actor.uasset" 381
"g:/Users/Nadav/Documents/Unreal Projects/Swoimz/Saved/Config/Windows/TemplateDefs.ini" 382
"g:/Users/Nadav/Documents/Unreal Projects/Swoimz/Intermediate/Config/CoalescedSourceConfigs/TemplateDefs.ini" 383
"g:/Users/Nadav/Documents/Unreal Projects/Swoimz/Saved/Config/Windows/GameplayTags.ini" 384
"g:/Users/Nadav/Documents/Unreal Projects/Swoimz/Intermediate/Config/CoalescedSourceConfigs/GameplayTags.ini" 385
"../../../Engine/Content/Maps/Templates/Thumbnails/Default.uasset" 386
"../../../Engine/Content/EditorMaterials/ParticleSystems/PSysThumbnail_NoImage.uasset" 387
"../../../Engine/Content/EditorMaterials/ParticleSystems/PSysThumbnail_OOD.uasset" 388
"../../../Engine/Content/EditorLandscapeResources/DataLayer.uasset" 389
"../../../Engine/Content/EngineDamageTypes/DmgTypeBP_Environmental.uasset" 390
"..\..\..\Engine\Content\Internationalization\icudt53l\numberingSystems.res" 391
"..\..\..\Engine\Content\Internationalization\icudt53l\curr\supplementalData.res" 392
"..\..\..\Engine\Content\Internationalization\icudt53l\curr\pool.res" 393
"..\..\..\Engine\Content\Internationalization\icudt53l\curr\en.res" 394
"..\..\..\Engine\Content\Internationalization\icudt53l\curr\root.res" 395
"../../../Engine/Content/EngineMeshes/Sphere.uasset" 396
"../../../Engine/Content/EngineFonts/RobotoDistanceField.uasset" 397
"../../../Engine/Content/EngineMaterials/DefaultTextMaterialOpaque.uasset" 398
"../../../Engine/Content/EditorResources/S_Trigger.uasset" 399
"../../../Engine/Content/EngineResources/GradientTexture0.uasset" 400
"../../../Engine/Content/EngineResources/Black.uasset" 401
"../../../Engine/Content/EditorMaterials/MatineeGroups/MAT_Groups_Float.uasset" 402
"../../../Engine/Content/EditorMaterials/MatineeGroups/MAT_Groups_Director.uasset" 403
"../../../Engine/Content/EditorMaterials/MatineeGroups/MAT_Groups_Event.uasset" 404
"../../../Engine/Content/EditorMaterials/MatineeGroups/MAT_Groups_Anim.uasset" 405
"../../../Engine/Content/EditorMaterials/MatineeGroups/MAT_Groups_Fade.uasset" 406
"../../../Engine/Content/EditorMaterials/MatineeGroups/MAT_Groups_Move.uasset" 407
"../../../Engine/Content/EditorMaterials/MatineeGroups/MAT_Groups_Slomo.uasset" 408
"../../../Engine/Content/EditorMaterials/MatineeGroups/MAT_ColorTrack.uasset" 409
"../../../Engine/Content/EditorMaterials/MAT_Groups_Toggle.uasset" 410
"../../../Engine/Content/EditorMaterials/MatineeGroups/MAT_Groups_AudioMaster.uasset" 411
"../../../Engine/Content/EditorMaterials/MatineeGroups/MAT_Groups_Sound.uasset" 412
"../../../Engine/Content/EditorMaterials/MatineeGroups/MAT_Groups_Vector.uasset" 413
"../../../Engine/Content/EditorMaterials/MAT_Groups_Visibility.uasset" 414
"../../../Engine/Content/EngineResources/DefaultTextureCube.uasset" 415
"../../../Engine/Content/EngineSounds/Master.uasset" 416
"../../../Engine/Content/EngineSounds/Music.uasset" 417
"../../../Engine/Content/EngineSounds/SFX.uasset" 418
"../../../Engine/Content/EngineSounds/Normal_Attack.uasset" 419
"../../../Engine/Content/EngineSounds/Special_Attack_PSM.uasset" 420
"../../../Engine/Content/EngineSounds/Duck_Normal_Attack_MixMod.uasset" 421
"../../../Engine/Content/EngineSounds/Voice.uasset" 422
"../../../Engine/Content/EngineMeshes/Cylinder.uasset" 423
"../../../Engine/Content/EngineMaterials/DefaultMaterial.uasset" 424
"../../../Engine/Content/EngineTireTypes/DefaultTireType.uasset" 425
"../../../Engine/Content/Editor/Slate/Fonts/FontAwesome.ttf" 426
"../../../Engine/Content/Editor/Slate/Fonts/DroidSansMono.ttf" 427
"../../../Engine/Content/Editor/Slate/Fonts/Roboto-BoldCondensed.ttf" 428
"../../../Engine/Content/Editor/Slate/Fonts/Roboto-Black.ttf" 429
"../../../Engine/Content/Editor/Slate/Fonts/Roboto-Italic.ttf" 430
"../../../Engine/Content/Editor/Slate/Fonts/Roboto-BoldCondensedItalic.ttf" 431
"..\..\..\Engine\Content\Internationalization\icudt53l\coll\ucadata.icu" 432
"..\..\..\Engine\Content\Internationalization\icudt53l\nfc.nrm" 433
"..\..\..\Engine\Content\Internationalization\icudt53l\coll\en_US.res" 434
"..\..\..\Engine\Content\Internationalization\icudt53l\coll\en.res" 435
"..\..\..\Engine\Content\Internationalization\icudt53l\coll\root.res" 436
"../../../Engine/Content/EngineResources/AICON-Red.uasset" 437
"../../../Engine/Content/EngineResources/AICON-Green.uasset" 438
"../../../Engine/Content/Tutorial/Basics/LevelEditorAttract.uasset" 439
"../../../Engine/Content/Tutorial/BlueprintTutorials/BlueprintEditorTutorial.uasset" 440
"../../../Engine/Content/Tutorial/BlueprintTutorials/TutorialAssets/Blueprint_64x.uasset" 441
"../../../Engine/Content/Tutorial/Basics/LevelEditorOverview.uasset" 442
"../../../Engine/Content/Tutorial/Basics/TutorialAssets/icon_tab_Levels_40x.uasset" 443
"../../../Engine/Content/Tutorial/ContentIntroCurve.uasset" 444
"../../../Engine/Plugins/2D/Paper2D/Content/MaskedUnlitSpriteMaterial.uasset" 445
"../../../Engine/Plugins/2D/Paper2D/Content/DefaultSpriteMaterial.uasset" 446
"../../../Engine/Plugins/2D/Paper2D/Content/DummySpriteTexture.uasset" 447
"../../../Engine/Plugins/2D/Paper2D/Content/PlaceholderTextures/DummySpriteTexture.uasset" 448
"../../../Engine/Plugins/2D/Paper2D/Content/OpaqueUnlitSpriteMaterial.uasset" 449
"../../../Engine/Plugins/2D/Paper2D/Content/DefaultPaperTerrainMaterial.uasset" 450
"../../../Engine/Plugins/2D/Paper2D/Content/DummySprite.uasset" 451
"C:/Users/Nadav/AppData/Local/UnrealEngine/4.9/Saved/Config/Windows/SourceControlSettings.ini" 452
"g:/Users/Nadav/Documents/Unreal Projects/Swoimz/Intermediate/Config/CoalescedSourceConfigs/SourceControlSettings.ini" 453
"g:/Users/Nadav/Documents/Unreal Projects/Swoimz/Saved/Config/Windows/SourceControlSettings.ini" 454
"../../../Engine/Plugins/Runtime/LeapMotionController/Content/LM_CapsuleMesh.uasset" 455
"../../../Engine/Plugins/Runtime/LeapMotionController/Content/LM_TorusMesh.uasset" 456
"../../../Engine/Plugins/Runtime/LeapMotionController/Content/LM_HandColor.uasset" 457
"../../../Engine/Plugins/Runtime/LeapMotionController/Content/LM_PassthroughMaterial.uasset" 458
"../../../Engine/Plugins/Runtime/LeapMotionController/Content/LM_SampleDistortion.uasset" 459
"../../../Engine/Plugins/Runtime/LeapMotionController/Content/LM_TestTexture.uasset" 460
"../../../Engine/Content/BasicShapes/Cube.uasset" 461
"../../../Engine/Content/EngineMaterials/RemoveSurfaceMaterial.uasset" 462
"../../../Engine/Content/EngineDebugMaterials/DebugMeshMaterial.uasset" 463
"../../../Engine/Content/EngineMaterials/M_InvalidLightmapSettings.uasset" 464
"../../../Engine/Content/EngineMaterials/InvalidLightmapSettings.uasset" 465
"../../../Engine/Content/EditorMaterials/GizmoMaterial.uasset" 466
"../../../Engine/Content/EngineMaterials/Good64x64TilingNoiseHighFreq.uasset" 467
"../../../Engine/Content/EngineMaterials/DefaultBokeh.uasset" 468
"../../../Engine/Content/EngineMaterials/PreintegratedSkinBRDF.uasset" 469
"../../../Engine/Content/EngineMaterials/MiniFont.uasset" 470
"../../../Engine/Content/EngineMaterials/WeightMapPlaceholderTexture.uasset" 471
"../../../Engine/Content/EngineMaterials/DefaultWhiteGrid.uasset" 472
"../../../Engine/Content/EngineMaterials/DefaultPhysicalMaterial.uasset" 473
"../../../Engine/Content/EngineFonts/RobotoTiny.uasset" 474
"g:/Users/Nadav/Documents/Unreal Projects/Swoimz/Intermediate/CachedAssetRegistry.bin" 475
"g:/Users/Nadav/Documents/Unreal Projects/Swoimz/Content/Swoim_BP.uasset" 476
"g:/Users/Nadav/Documents/Unreal Projects/Swoimz/Content/TopDownBP/Blueprints/TopDownCharacter.uasset" 477
"g:/Users/Nadav/Documents/Unreal Projects/Swoimz/Saved/Cooked/WindowsNoEditor/Swoimz/CookedIniVersion.txt" 478
"../../../Engine/Config/HTML5/HTML5Engine.ini" 479
"../../../Engine/Content/MobileResources/HUD/VirtualJoystick_Thumb.uasset" 480
"g:/Users/Nadav/Documents/Unreal Projects/Swoimz/Content/TopDownBP/Blueprints/TopDownGameMode.uasset" 481
"g:/Users/Nadav/Documents/Unreal Projects/Swoimz/Content/Mannequin/Animations/ThirdPerson_AnimBP.uasset" 482
"g:/Users/Nadav/Documents/Unreal Projects/Swoimz/Content/Mannequin/Animations/ThirdPerson_Jump.uasset" 483
"g:/Users/Nadav/Documents/Unreal Projects/Swoimz/Content/Mannequin/Character/Mesh/UE4_Mannequin_Skeleton.uasset" 484
"g:/Users/Nadav/Documents/Unreal Projects/Swoimz/Content/Mannequin/Animations/ThirdPersonJump_Loop.uasset" 485
"g:/Users/Nadav/Documents/Unreal Projects/Swoimz/Content/Mannequin/Animations/ThirdPersonJump_Start.uasset" 486
"g:/Users/Nadav/Documents/Unreal Projects/Swoimz/Content/Mannequin/Animations/ThirdPerson_IdleRun_2D.uasset" 487
"g:/Users/Nadav/Documents/Unreal Projects/Swoimz/Content/Mannequin/Animations/ThirdPersonIdle.uasset" 488
"g:/Users/Nadav/Documents/Unreal Projects/Swoimz/Content/Mannequin/Animations/ThirdPersonRun.uasset" 489
"g:/Users/Nadav/Documents/Unreal Projects/Swoimz/Content/Mannequin/Animations/ThirdPersonWalk.uasset" 490
"../../../Engine/Content/EditorBlueprintResources/StandardMacros.uasset" 491
"g:/Users/Nadav/Documents/Unreal Projects/Swoimz/Content/Mannequin/Character/Mesh/SK_Mannequin.uasset" 492
"g:/Users/Nadav/Documents/Unreal Projects/Swoimz/Content/Mannequin/Character/Materials/M_UE4Man_Body.uasset" 493
"../../../Engine/Content/Functions/Engine_MaterialFunctions02/Utility/BlendAngleCorrectedNormals.uasset" 494
"../../../Engine/Content/Functions/MaterialLayerFunctions/MatLayerBlend_NormalBlend.uasset" 495
"../../../Engine/Content/Functions/MaterialLayerFunctions/MatLayerBlend_Simple.uasset" 496
"g:/Users/Nadav/Documents/Unreal Projects/Swoimz/Content/Mannequin/Character/Materials/MaterialLayers/ML_GlossyBlack_Latex_UE4.uasset" 497
"g:/Users/Nadav/Documents/Unreal Projects/Swoimz/Content/Mannequin/Character/Materials/MaterialLayers/T_ML_Rubber_Blue_01_D.uasset" 498
"g:/Users/Nadav/Documents/Unreal Projects/Swoimz/Content/Mannequin/Character/Materials/MaterialLayers/T_ML_Rubber_Blue_01_N.uasset" 499
"g:/Users/Nadav/Documents/Unreal Projects/Swoimz/Content/Mannequin/Character/Materials/MaterialLayers/ML_Plastic_Shiny_Beige.uasset" 500
"g:/Users/Nadav/Documents/Unreal Projects/Swoimz/Content/Mannequin/Character/Materials/MaterialLayers/ML_Plastic_Shiny_Beige_LOGO.uasset" 501
"g:/Users/Nadav/Documents/Unreal Projects/Swoimz/Content/Mannequin/Character/Textures/UE4_LOGO_CARD.uasset" 502
"g:/Users/Nadav/Documents/Unreal Projects/Swoimz/Content/Mannequin/Character/Materials/MaterialLayers/ML_SoftMetal_UE4.uasset" 503
"g:/Users/Nadav/Documents/Unreal Projects/Swoimz/Content/Mannequin/Character/Materials/MaterialLayers/T_ML_Aluminum01.uasset" 504
"g:/Users/Nadav/Documents/Unreal Projects/Swoimz/Content/Mannequin/Character/Materials/MaterialLayers/T_ML_Aluminum01_N.uasset" 505
"g:/Users/Nadav/Documents/Unreal Projects/Swoimz/Content/Mannequin/Character/Textures/UE4_Mannequin__normals.uasset" 506
"g:/Users/Nadav/Documents/Unreal Projects/Swoimz/Content/Mannequin/Character/Textures/UE4_Mannequin_MAT_MASKA.uasset" 507
"g:/Users/Nadav/Documents/Unreal Projects/Swoimz/Content/Mannequin/Character/Materials/M_UE4Man_ChestLogo.uasset" 508
"g:/Users/Nadav/Documents/Unreal Projects/Swoimz/Content/Mannequin/Character/Textures/UE4Man_Logo_N.uasset" 509
"g:/Users/Nadav/Documents/Unreal Projects/Swoimz/Content/TopDownBP/Blueprints/TopDownController.uasset" 510
"../../../Engine/Content/EditorResources/BSPVertex.uasset" 511
"../../../Engine/Content/EngineDebugMaterials/WireframeMaterial.uasset" 512
"../../../Engine/Content/EngineDebugMaterials/GeomMaterial.uasset" 513
"../../../Engine/Content/EngineDebugMaterials/LevelColorationLitMaterial.uasset" 514
"../../../Engine/Content/EngineDebugMaterials/LevelColorationUnlitMaterial.uasset" 515
"../../../Engine/Content/EngineDebugMaterials/MAT_LevelColorationLitLightmapUV.uasset" 516
"../../../Engine/Content/EngineDebugMaterials/ShadedLevelColorationLitMaterial.uasset" 517
"../../../Engine/Content/EngineDebugMaterials/ShadedLevelColorationUnlitMateri.uasset" 518
"../../../Engine/Content/EngineDebugMaterials/VertexColorMaterial.uasset" 519
"../../../Engine/Content/EngineDebugMaterials/VertexColorViewMode_ColorOnly.uasset" 520
"../../../Engine/Content/EngineDebugMaterials/VertexColorViewMode_AlphaAsColor.uasset" 521
"../../../Engine/Content/EngineDebugMaterials/VertexColorViewMode_RedOnly.uasset" 522
"../../../Engine/Content/EngineDebugMaterials/VertexColorViewMode_GreenOnly.uasset" 523
"../../../Engine/Content/EngineDebugMaterials/VertexColorViewMode_BlueOnly.uasset" 524
"../../../Engine/Content/EngineDebugMaterials/BoneWeightMaterial.uasset" 525
"../../../Engine/Content/EngineDebugMaterials/HeatmapGradient.uasset" 526
"../../../Engine/Content/EditorMaterials/PhAT_JointLimitMaterial.uasset" 527
"../../../Engine/Content/EditorMaterials/PreviewShadowIndicatorMaterial.uasset" 528
"../../../Engine/Content/EditorMaterials/PreviewShadowIndicator.uasset" 529
"../../../Engine/Content/EngineMaterials/EditorBrushMaterial.uasset" 530
"../../../Engine/Content/Tutorial/SubEditors/TutorialAssets/icon_Editor_Preferences_General_40x.uasset" 531
"../../../Engine/Content/Tutorial/Paper2D/TutorialAssets/Paper2DSprite_TutorialIcon.uasset" 532
"../../../Engine/Content/Tutorial/SubEditors/TutorialAssets/icon_ShowSkeletalMeshes_40x.uasset" 533
"../../../Engine/Content/Tutorial/Landscape/TutorialAssets/Landscape.uasset" 534
"../../../Engine/Content/Tutorial/Foliage/TutorialAssets/Foliage.uasset" 535
"../../../Engine/Content/Tutorial/SubEditors/StaticMeshEditorTutorial.uasset" 536
"../../../Engine/Content/EngineMeshes/Cube.uasset" 537
"../../../Engine/Content/Tutorial/BlueprintTutorials/BlueprintMacroLibrariesEditorOverview.uasset" 538
"../../../Engine/Content/Tutorial/BlueprintTutorials/TutorialAssets/BlueprintMacroLibrary_64x.uasset" 539
"../../../Engine/Content/Tutorial/BlueprintTutorials/TutorialAssets/Tutorial_BP_MacroLib.uasset" 540
"../../../Engine/Content/Tutorial/BlueprintTutorials/BlueprintInterfacesEditorOverview.uasset" 541
"../../../Engine/Content/Tutorial/BlueprintTutorials/TutorialAssets/BlueprintInterface_64x.uasset" 542
"../../../Engine/Content/Tutorial/BlueprintTutorials/TutorialAssets/Tutorial_BP_Interface.uasset" 543
"../../../Engine/Content/Tutorial/BlueprintTutorials/LevelBlueprintEditorOverview.uasset" 544
"../../../Engine/Content/Tutorial/SubEditors/DestructibleMeshEditorTutorial.uasset" 545
"../../../Engine/Content/Tutorial/SubEditors/TutorialAssets/Tutorial_DM.uasset" 546
"../../../Engine/Content/EditorMeshes/EditorCube.uasset" 547
"../../../Engine/Content/Tutorial/SubEditors/MaterialEditorTutorial.uasset" 548
"../../../Engine/Content/Tutorial/SubEditors/TutorialAssets/TutorialMaterial.uasset" 549
"../../../Engine/Content/Tutorial/SubEditors/ParticleSystemEditorTutorial.uasset" 550
"../../../Engine/Content/Tutorial/SubEditors/TutorialAssets/TutorialParticleSystem.uasset" 551
"../../../Engine/Content/Tutorial/SubEditors/TutorialAssets/M_smoke_subUV_blackbody.uasset" 552
"../../../Engine/Content/Tutorial/SubEditors/TutorialAssets/T_SmokeSubUV_8X8.uasset" 553
"../../../Engine/Content/Tutorial/SubEditors/TutorialAssets/T_soft_smoke.uasset" 554
"../../../Engine/Content/Tutorial/SubEditors/PersonaAnimEditorTutorial.uasset" 555
"../../../Engine/Content/Tutorial/SubEditors/PersonaAnimEditorWalkthrough.uasset" 556
"../../../Engine/Content/Tutorial/SubEditors/TutorialAssets/Character/NewBlendSpace1D.uasset" 557
"../../../Engine/Content/Tutorial/SubEditors/TutorialAssets/Character/Tutorial_Idle.uasset" 558
"../../../Engine/Content/Tutorial/SubEditors/TutorialAssets/Character/TutorialTPP_Skeleton.uasset" 559
"../../../Engine/Content/Tutorial/SubEditors/TutorialAssets/Character/Tutorial_Walk_Fwd.uasset" 560
"../../../Engine/Content/Tutorial/SubEditors/TutorialAssets/Character/TutorialTPP.uasset" 561
"../../../Engine/Content/Tutorial/SubEditors/TutorialAssets/Character/TutorialTPP_Mat.uasset" 562
"../../../Engine/Content/Tutorial/SubEditors/TutorialAssets/Character/TutorialTPP_PhysicsAsset.uasset" 563
"../../../Engine/Content/Tutorial/SubEditors/PersonaAnimBlueprintEditorWalkthrough.uasset" 564
"../../../Engine/Content/Tutorial/SubEditors/TutorialAssets/Character/TutorialTPP_AnimBlueprint.uasset" 565
"../../../Engine/Content/Tutorial/SubEditors/TutorialAssets/Character/TutorialCharacter.uasset" 566
"../../../Engine/Content/Tutorial/Paper2D/SpriteEditorTutorial.uasset" 567
"../../../Engine/Content/Tutorial/Paper2D/FlipbookEditorTutorial.uasset" 568
"../../../Engine/Content/Tutorial/Paper2D/TutorialAssets/Paper2DFlipbook_TutorialIcon.uasset" 569
"../../../Engine/Content/Tutorial/Landscape/Landscape_Manage_Mode.uasset" 570
"../../../Engine/Content/Tutorial/Landscape/Landscape_Sculpt_Mode.uasset" 571
"../../../Engine/Content/Tutorial/Landscape/Landscape_Painting_Mode.uasset" 572
"../../../Engine/Content/Tutorial/Foliage/Foliage_Intro_Tutorial.uasset" 573
"../../../Engine/Content/Tutorial/Foliage/Foliage_Using_The_Tool_Tutorial.uasset" 574
"../../../Engine/Content/Tutorial/Foliage/Foliage_Settings_Tutorial.uasset" 575
"../../../Engine/Content/MobileResources/HUD/MobileHUDDirectionStick.uasset" 576
"g:/Users/Nadav/Documents/Unreal Projects/Swoimz/Content/StarterContent/Props/SM_PillarFrame.uasset" 577
"g:/Users/Nadav/Documents/Unreal Projects/Swoimz/Content/StarterContent/Props/Materials/M_Frame.uasset" 578
"g:/Users/Nadav/Documents/Unreal Projects/Swoimz/Content/StarterContent/Textures/T_Frame_M.uasset" 579
"g:/Users/Nadav/Documents/Unreal Projects/Swoimz/Content/StarterContent/Textures/T_Frame_N.uasset" 580
"g:/Users/Nadav/Documents/Unreal Projects/Swoimz/Content/StarterContent/Props/SM_MatPreviewMesh_02.uasset" 581
"g:/Users/Nadav/Documents/Unreal Projects/Swoimz/Content/StarterContent/Props/Materials/M_MaterialSphere.uasset" 582
"g:/Users/Nadav/Documents/Unreal Projects/Swoimz/Content/StarterContent/Props/Materials/M_MaterialSphere_Plain.uasset" 583
"g:/Users/Nadav/Documents/Unreal Projects/Swoimz/Content/StarterContent/Props/SM_Lamp_Wall.uasset" 584
"g:/Users/Nadav/Documents/Unreal Projects/Swoimz/Content/StarterContent/Props/Materials/M_Lamp.uasset" 585
"g:/Users/Nadav/Documents/Unreal Projects/Swoimz/Content/StarterContent/Textures/T_Lamp_M.uasset" 586
"g:/Users/Nadav/Documents/Unreal Projects/Swoimz/Content/StarterContent/Textures/T_Lamp_N.uasset" 587
"g:/Users/Nadav/Documents/Unreal Projects/Swoimz/Content/StarterContent/Props/SM_Lamp_Ceiling.uasset" 588
"g:/Users/Nadav/Documents/Unreal Projects/Swoimz/Content/StarterContent/Props/SM_GlassWindow.uasset" 589
"g:/Users/Nadav/Documents/Unreal Projects/Swoimz/Content/StarterContent/Materials/M_Glass.uasset" 590
"g:/Users/Nadav/Documents/Unreal Projects/Swoimz/Content/StarterContent/Props/SM_DoorFrame.uasset" 591
"g:/Users/Nadav/Documents/Unreal Projects/Swoimz/Content/StarterContent/Props/SM_Door.uasset" 592
"g:/Users/Nadav/Documents/Unreal Projects/Swoimz/Content/StarterContent/Props/Materials/M_Door.uasset" 593
"g:/Users/Nadav/Documents/Unreal Projects/Swoimz/Content/StarterContent/Textures/T_Door_M.uasset" 594
"g:/Users/Nadav/Documents/Unreal Projects/Swoimz/Content/StarterContent/Textures/T_Door_N.uasset" 595
"g:/Users/Nadav/Documents/Unreal Projects/Swoimz/Content/StarterContent/Props/SM_Couch.uasset" 596
"g:/Users/Nadav/Documents/Unreal Projects/Swoimz/Content/StarterContent/Props/Materials/M_Chair.uasset" 597
"g:/Users/Nadav/Documents/Unreal Projects/Swoimz/Content/StarterContent/Textures/T_Chair_M.uasset" 598
"g:/Users/Nadav/Documents/Unreal Projects/Swoimz/Content/StarterContent/Textures/T_Chair_N.uasset" 599
"g:/Users/Nadav/Documents/Unreal Projects/Swoimz/Content/StarterContent/Props/SM_CornerFrame.uasset" 600
"g:/Users/Nadav/Documents/Unreal Projects/Swoimz/Content/StarterContent/Props/SM_Chair.uasset" 601
"g:/Users/Nadav/Documents/Unreal Projects/Swoimz/Content/StarterContent/Props/SM_Bush.uasset" 602
"g:/Users/Nadav/Documents/Unreal Projects/Swoimz/Content/StarterContent/Props/Materials/M_Bush.uasset" 603
"g:/Users/Nadav/Documents/Unreal Projects/Swoimz/Content/StarterContent/Textures/T_Bush_D.uasset" 604
"g:/Users/Nadav/Documents/Unreal Projects/Swoimz/Content/StarterContent/Textures/T_Bush_N.uasset" 605
"g:/Users/Nadav/Documents/Unreal Projects/Swoimz/Content/StarterContent/Props/MaterialSphere.uasset" 606
"g:/Users/Nadav/Documents/Unreal Projects/Swoimz/Content/StarterContent/Particles/Materials/M_Spark.uasset" 607
"g:/Users/Nadav/Documents/Unreal Projects/Swoimz/Content/StarterContent/Textures/T_Spark_Core.uasset" 608
"g:/Users/Nadav/Documents/Unreal Projects/Swoimz/Content/StarterContent/Particles/Materials/M_smoke_subUV.uasset" 609
"g:/Users/Nadav/Documents/Unreal Projects/Swoimz/Content/StarterContent/Textures/T_Smoke_SubUV.uasset" 610
"g:/Users/Nadav/Documents/Unreal Projects/Swoimz/Content/StarterContent/Textures/T_Smoke_Tiled_D.uasset" 611
"g:/Users/Nadav/Documents/Unreal Projects/Swoimz/Content/StarterContent/Particles/Materials/M_radial_ramp.uasset" 612
"../../../Engine/Content/Functions/Engine_MaterialFunctions01/Gradient/RadialGradient.uasset" 613
"g:/Users/Nadav/Documents/Unreal Projects/Swoimz/Content/StarterContent/Particles/Materials/M_Radial_Gradient.uasset" 614
"g:/Users/Nadav/Documents/Unreal Projects/Swoimz/Content/StarterContent/Particles/Materials/M_Heat_Distortion.uasset" 615
"g:/Users/Nadav/Documents/Unreal Projects/Swoimz/Content/StarterContent/Textures/T_Water_N.uasset" 616
"g:/Users/Nadav/Documents/Unreal Projects/Swoimz/Content/StarterContent/Particles/Materials/m_flare_01.uasset" 617
"g:/Users/Nadav/Documents/Unreal Projects/Swoimz/Content/StarterContent/Particles/Materials/M_Fire_SubUV.uasset" 618
"g:/Users/Nadav/Documents/Unreal Projects/Swoimz/Content/StarterContent/Textures/T_Fire_SubUV.uasset" 619
"g:/Users/Nadav/Documents/Unreal Projects/Swoimz/Content/StarterContent/Textures/T_Fire_Tiled_D.uasset" 620
"g:/Users/Nadav/Documents/Unreal Projects/Swoimz/Content/StarterContent/Particles/Materials/M_explosion_subUV.uasset" 621
"g:/Users/Nadav/Documents/Unreal Projects/Swoimz/Content/StarterContent/Textures/T_Explosion_SubUV.uasset" 622
"g:/Users/Nadav/Documents/Unreal Projects/Swoimz/Content/StarterContent/Particles/Materials/M_Dust_Particle.uasset" 623
"g:/Users/Nadav/Documents/Unreal Projects/Swoimz/Content/StarterContent/Textures/T_Dust_Particle_D.uasset" 624
"g:/Users/Nadav/Documents/Unreal Projects/Swoimz/Content/StarterContent/Particles/Materials/M_Burst.uasset" 625
"g:/Users/Nadav/Documents/Unreal Projects/Swoimz/Content/StarterContent/Textures/T_Burst_M.uasset" 626
"g:/Users/Nadav/Documents/Unreal Projects/Swoimz/Content/StarterContent/Particles/P_Steam_Lit.uasset" 627
"g:/Users/Nadav/Documents/Unreal Projects/Swoimz/Content/StarterContent/Materials/M_Rock_Marble_Polished.uasset" 628
"g:/Users/Nadav/Documents/Unreal Projects/Swoimz/Content/StarterContent/Textures/T_Metal_Gold_N.uasset" 629
"g:/Users/Nadav/Documents/Unreal Projects/Swoimz/Content/StarterContent/Textures/T_Perlin_Noise_M.uasset" 630
"g:/Users/Nadav/Documents/Unreal Projects/Swoimz/Content/StarterContent/Textures/T_Rock_Marble_Polished_D.uasset" 631
"g:/Users/Nadav/Documents/Unreal Projects/Swoimz/Content/StarterContent/Materials/M_Rock_Basalt.uasset" 632
"g:/Users/Nadav/Documents/Unreal Projects/Swoimz/Content/StarterContent/Textures/T_MacroVariation.uasset" 633
"g:/Users/Nadav/Documents/Unreal Projects/Swoimz/Content/StarterContent/Textures/T_Rock_Basalt_D.uasset" 634
"g:/Users/Nadav/Documents/Unreal Projects/Swoimz/Content/StarterContent/Textures/T_Rock_Basalt_N.uasset" 635
"g:/Users/Nadav/Documents/Unreal Projects/Swoimz/Content/StarterContent/Materials/M_Metal_Steel.uasset" 636
"g:/Users/Nadav/Documents/Unreal Projects/Swoimz/Content/StarterContent/Textures/T_Metal_Steel_D.uasset" 637
"g:/Users/Nadav/Documents/Unreal Projects/Swoimz/Content/StarterContent/Textures/T_Metal_Steel_N.uasset" 638
"g:/Users/Nadav/Documents/Unreal Projects/Swoimz/Content/StarterContent/Materials/M_Metal_Rust.uasset" 639
"g:/Users/Nadav/Documents/Unreal Projects/Swoimz/Content/StarterContent/Textures/T_Metal_Rust_D.uasset" 640
"g:/Users/Nadav/Documents/Unreal Projects/Swoimz/Content/StarterContent/Textures/T_Metal_Rust_N.uasset" 641
"g:/Users/Nadav/Documents/Unreal Projects/Swoimz/Content/StarterContent/Materials/M_Metal_Gold.uasset" 642
"g:/Users/Nadav/Documents/Unreal Projects/Swoimz/Content/StarterContent/Textures/T_Metal_Gold_D.uasset" 643
"g:/Users/Nadav/Documents/Unreal Projects/Swoimz/Content/StarterContent/Materials/M_Metal_Copper.uasset" 644
"g:/Users/Nadav/Documents/Unreal Projects/Swoimz/Content/StarterContent/Textures/T_Metal_Copper_D.uasset" 645
"g:/Users/Nadav/Documents/Unreal Projects/Swoimz/Content/StarterContent/Materials/M_Metal_Chrome.uasset" 646
"g:/Users/Nadav/Documents/Unreal Projects/Swoimz/Content/StarterContent/Materials/M_Metal_Burnished_Steel.uasset" 647
"g:/Users/Nadav/Documents/Unreal Projects/Swoimz/Content/StarterContent/Textures/T_Metal_Aluminum_D.uasset" 648
"g:/Users/Nadav/Documents/Unreal Projects/Swoimz/Content/StarterContent/Materials/M_Metal_Brushed_Nickel.uasset" 649
"g:/Users/Nadav/Documents/Unreal Projects/Swoimz/Content/StarterContent/Materials/M_Ground_Moss.uasset" 650
"g:/Users/Nadav/Documents/Unreal Projects/Swoimz/Content/StarterContent/Textures/T_ground_Moss_D.uasset" 651
"g:/Users/Nadav/Documents/Unreal Projects/Swoimz/Content/StarterContent/Textures/T_Ground_Moss_N.uasset" 652
"g:/Users/Nadav/Documents/Unreal Projects/Swoimz/Content/StarterContent/Materials/M_Ground_Gravel.uasset" 653
"g:/Users/Nadav/Documents/Unreal Projects/Swoimz/Content/StarterContent/Textures/T_Ground_Gravel_D.uasset" 654
"g:/Users/Nadav/Documents/Unreal Projects/Swoimz/Content/StarterContent/Textures/T_Ground_Gravel_N.uasset" 655
"g:/Users/Nadav/Documents/Unreal Projects/Swoimz/Content/StarterContent/Materials/M_Ground_Grass.uasset" 656
"g:/Users/Nadav/Documents/Unreal Projects/Swoimz/Content/StarterContent/Textures/T_Ground_Grass_D.uasset" 657
"g:/Users/Nadav/Documents/Unreal Projects/Swoimz/Content/StarterContent/Textures/T_Ground_Grass_N.uasset" 658
"g:/Users/Nadav/Documents/Unreal Projects/Swoimz/Content/StarterContent/Materials/M_Concrete_Tiles.uasset" 659
"g:/Users/Nadav/Documents/Unreal Projects/Swoimz/Content/StarterContent/Textures/T_Concrete_Tiles_D.uasset" 660
"g:/Users/Nadav/Documents/Unreal Projects/Swoimz/Content/StarterContent/Textures/T_Concrete_Tiles_M.uasset" 661
"g:/Users/Nadav/Documents/Unreal Projects/Swoimz/Content/StarterContent/Textures/T_Concrete_Tiles_N.uasset" 662
"g:/Users/Nadav/Documents/Unreal Projects/Swoimz/Content/StarterContent/Textures/T_Concrete_Tiles_Variation_M.uasset" 663
"g:/Users/Nadav/Documents/Unreal Projects/Swoimz/Content/StarterContent/Materials/M_Concrete_Poured.uasset" 664
"g:/Users/Nadav/Documents/Unreal Projects/Swoimz/Content/StarterContent/Textures/T_Concrete_Poured_D.uasset" 665
"g:/Users/Nadav/Documents/Unreal Projects/Swoimz/Content/StarterContent/Textures/T_Concrete_Poured_N.uasset" 666
"g:/Users/Nadav/Documents/Unreal Projects/Swoimz/Content/StarterContent/Materials/M_Concrete_Panels.uasset" 667
"g:/Users/Nadav/Documents/Unreal Projects/Swoimz/Content/StarterContent/Textures/T_Concrete_Panels_D.uasset" 668
"g:/Users/Nadav/Documents/Unreal Projects/Swoimz/Content/StarterContent/Textures/T_Concrete_Panels_N.uasset" 669
"g:/Users/Nadav/Documents/Unreal Projects/Swoimz/Content/StarterContent/Materials/M_Concrete_Grime.uasset" 670
"g:/Users/Nadav/Documents/Unreal Projects/Swoimz/Content/StarterContent/Textures/T_Concrete_Grime_D.uasset" 671
"g:/Users/Nadav/Documents/Unreal Projects/Swoimz/Content/StarterContent/Materials/M_ColorGrid_LowSpec.uasset" 672
"../../../Engine/Content/EditorMeshes/ColorCalibrator/T_ColorGrid.uasset" 673
"g:/Users/Nadav/Documents/Unreal Projects/Swoimz/Content/StarterContent/Materials/M_CobbleStone_Smooth.uasset" 674
"g:/Users/Nadav/Documents/Unreal Projects/Swoimz/Content/StarterContent/Textures/T_CobbleStone_Smooth_D.uasset" 675
"g:/Users/Nadav/Documents/Unreal Projects/Swoimz/Content/StarterContent/Textures/T_CobbleStone_Smooth_M.uasset" 676
"g:/Users/Nadav/Documents/Unreal Projects/Swoimz/Content/StarterContent/Textures/T_CobbleStone_Smooth_N.uasset" 677
"g:/Users/Nadav/Documents/Unreal Projects/Swoimz/Content/StarterContent/Textures/T_Gradinet_01.uasset" 678
"g:/Users/Nadav/Documents/Unreal Projects/Swoimz/Content/StarterContent/Textures/T_Rock_Smooth_Granite_D.uasset" 679
"g:/Users/Nadav/Documents/Unreal Projects/Swoimz/Content/StarterContent/Materials/M_CobbleStone_Rough.uasset" 680
"g:/Users/Nadav/Documents/Unreal Projects/Swoimz/Content/StarterContent/Textures/T_CobbleStone_Rough_D.uasset" 681
"g:/Users/Nadav/Documents/Unreal Projects/Swoimz/Content/StarterContent/Textures/T_CobbleStone_Rough_N.uasset" 682
"g:/Users/Nadav/Documents/Unreal Projects/Swoimz/Content/StarterContent/Materials/M_CobbleStone_Pebble.uasset" 683
"g:/Users/Nadav/Documents/Unreal Projects/Swoimz/Content/StarterContent/Textures/T_CobbleStone_Pebble_D.uasset" 684
"g:/Users/Nadav/Documents/Unreal Projects/Swoimz/Content/StarterContent/Textures/T_CobbleStone_Pebble_M.uasset" 685
"g:/Users/Nadav/Documents/Unreal Projects/Swoimz/Content/StarterContent/Textures/T_CobbleStone_Pebble_N.uasset" 686
"g:/Users/Nadav/Documents/Unreal Projects/Swoimz/Content/StarterContent/Materials/M_Ceramic_Tile_Checker.uasset" 687
"g:/Users/Nadav/Documents/Unreal Projects/Swoimz/Content/StarterContent/Textures/T_Ceramic_Tile_M.uasset" 688
"g:/Users/Nadav/Documents/Unreal Projects/Swoimz/Content/StarterContent/Textures/T_Ceramic_Tile_N.uasset" 689
"g:/Users/Nadav/Documents/Unreal Projects/Swoimz/Content/StarterContent/Materials/M_Brick_Hewn_Stone.uasset" 690
"g:/Users/Nadav/Documents/Unreal Projects/Swoimz/Content/StarterContent/Textures/T_Brick_Hewn_Stone_D.uasset" 691
"g:/Users/Nadav/Documents/Unreal Projects/Swoimz/Content/StarterContent/Textures/T_Brick_Hewn_Stone_M.uasset" 692
"g:/Users/Nadav/Documents/Unreal Projects/Swoimz/Content/StarterContent/Textures/T_Brick_Hewn_Stone_N.uasset" 693
"g:/Users/Nadav/Documents/Unreal Projects/Swoimz/Content/StarterContent/Textures/T_Detail_Rocky_N.uasset" 694
"g:/Users/Nadav/Documents/Unreal Projects/Swoimz/Content/StarterContent/Materials/M_Brick_Cut_Stone.uasset" 695
"g:/Users/Nadav/Documents/Unreal Projects/Swoimz/Content/StarterContent/Textures/T_Brick_Cut_Stone_D.uasset" 696
"g:/Users/Nadav/Documents/Unreal Projects/Swoimz/Content/StarterContent/Textures/T_Brick_Cut_Stone_N.uasset" 697
"g:/Users/Nadav/Documents/Unreal Projects/Swoimz/Content/StarterContent/Materials/M_Brick_Clay_Old.uasset" 698
"g:/Users/Nadav/Documents/Unreal Projects/Swoimz/Content/StarterContent/Textures/T_Brick_Clay_Old_D.uasset" 699
"g:/Users/Nadav/Documents/Unreal Projects/Swoimz/Content/StarterContent/Textures/T_Brick_Clay_Old_N.uasset" 700
"g:/Users/Nadav/Documents/Unreal Projects/Swoimz/Content/StarterContent/Materials/M_Brick_Clay_New.uasset" 701
"g:/Users/Nadav/Documents/Unreal Projects/Swoimz/Content/StarterContent/Textures/T_Brick_Clay_New_D.uasset" 702
"g:/Users/Nadav/Documents/Unreal Projects/Swoimz/Content/StarterContent/Textures/T_Brick_Clay_New_M.uasset" 703
"g:/Users/Nadav/Documents/Unreal Projects/Swoimz/Content/StarterContent/Textures/T_Brick_Clay_New_N.uasset" 704
"g:/Users/Nadav/Documents/Unreal Projects/Swoimz/Content/StarterContent/Materials/M_Brick_Clay_Beveled.uasset" 705
"g:/Users/Nadav/Documents/Unreal Projects/Swoimz/Content/StarterContent/Textures/T_Brick_Clay_Beveled_D.uasset" 706
"g:/Users/Nadav/Documents/Unreal Projects/Swoimz/Content/StarterContent/Textures/T_Brick_Clay_Beveled_M.uasset" 707
"g:/Users/Nadav/Documents/Unreal Projects/Swoimz/Content/StarterContent/Textures/T_Brick_Clay_Beveled_N.uasset" 708
"g:/Users/Nadav/Documents/Unreal Projects/Swoimz/Content/StarterContent/Materials/M_Basic_Wall.uasset" 709
"g:/Users/Nadav/Documents/Unreal Projects/Swoimz/Content/StarterContent/Materials/M_Basic_Floor.uasset" 710
"g:/Users/Nadav/Documents/Unreal Projects/Swoimz/Content/StarterContent/Materials/M_AssetPlatform.uasset" 711
"g:/Users/Nadav/Documents/Unreal Projects/Swoimz/Content/StarterContent/HDRI/HDRI_Epic_Courtyard_Daylight.uasset" 712
"g:/Users/Nadav/Documents/Unreal Projects/Swoimz/Content/TopDownBP/TopDownOverview.uasset" 713
"g:/Users/Nadav/Documents/Unreal Projects/Swoimz/Content/StarterContent/Textures/T_Wood_Walnut_N.uasset" 714
"g:/Users/Nadav/Documents/Unreal Projects/Swoimz/Content/Geometry/Meshes/TemplateFloor.uasset" 715
"g:/Users/Nadav/Documents/Unreal Projects/Swoimz/Content/Geometry/Meshes/CubeMaterial.uasset" 716
"g:/Users/Nadav/Documents/Unreal Projects/Swoimz/Content/Geometry/Meshes/1M_Cube_Chamfer.uasset" 717
"g:/Users/Nadav/Documents/Unreal Projects/Swoimz/Content/Geometry/Meshes/1M_Cube.uasset" 718
"g:/Users/Nadav/Documents/Unreal Projects/Swoimz/Content/StarterContent/Shapes/Shape_Cone.uasset" 719
"../../../Engine/Content/MobileResources/HUD/VirtualJoystick_Background.uasset" 720
"g:/Users/Nadav/Documents/Unreal Projects/Swoimz/Content/StarterContent/Architecture/Wall_Window_400x400.uasset" 721
"g:/Users/Nadav/Documents/Unreal Projects/Swoimz/Content/StarterContent/Architecture/Wall_Window_400x300.uasset" 722
"g:/Users/Nadav/Documents/Unreal Projects/Swoimz/Content/StarterContent/Architecture/Wall_Door_400x400.uasset" 723
"g:/Users/Nadav/Documents/Unreal Projects/Swoimz/Content/StarterContent/Architecture/Wall_Door_400x300.uasset" 724
"g:/Users/Nadav/Documents/Unreal Projects/Swoimz/Content/StarterContent/Architecture/Wall_500x500.uasset" 725
"g:/Users/Nadav/Documents/Unreal Projects/Swoimz/Content/StarterContent/Architecture/Wall_400x400.uasset" 726
"g:/Users/Nadav/Documents/Unreal Projects/Swoimz/Content/StarterContent/Architecture/Wall_400x300.uasset" 727
"g:/Users/Nadav/Documents/Unreal Projects/Swoimz/Content/StarterContent/Architecture/Wall_400x200.uasset" 728
"g:/Users/Nadav/Documents/Unreal Projects/Swoimz/Content/StarterContent/Architecture/SM_AssetPlatform.uasset" 729
"g:/Users/Nadav/Documents/Unreal Projects/Swoimz/Content/StarterContent/Architecture/Pillar_50x500.uasset" 730
"g:/Users/Nadav/Documents/Unreal Projects/Swoimz/Content/StarterContent/Architecture/Floor_400x400.uasset" 731
"C:/Users/Nadav/AppData/Local/UnrealEngine/Common/DerivedDataCache/7/2/2/PHYSX_1D9C17C451EA4FB88CB7A27536A65DB0_PHYSXPC_1187E88645A376BAC9181C93DB0B655__590DE108F674CA0E15AF7BCBFE6DF94A0A2E9435.udd" 732
"C:/Users/Nadav/AppData/Local/UnrealEngine/Common/DerivedDataCache/9/3/3/NAVCOLLISION_B89838347A4348138EE337A847529C5C_NAVCOLLISION_X_1187E88645A376BAC__6209B77CA5472467BE7372B3F3227B432920C611.udd" 733
"g:/Users/Nadav/Documents/Unreal Projects/Swoimz/Content/StarterContent/Shapes/Shape_Cylinder.uasset" 734
"g:/Users/Nadav/Documents/Unreal Projects/Swoimz/Content/StarterContent/Shapes/Shape_Cube.uasset" 735
"g:/Users/Nadav/Documents/Unreal Projects/Swoimz/Content/StarterContent/Props/Materials/M_TableRound.uasset" 736
"g:/Users/Nadav/Documents/Unreal Projects/Swoimz/Content/StarterContent/Textures/T_TableRound_M.uasset" 737
"g:/Users/Nadav/Documents/Unreal Projects/Swoimz/Content/StarterContent/Textures/T_TableRound_N.uasset" 738
"g:/Users/Nadav/Documents/Unreal Projects/Swoimz/Content/StarterContent/Props/Materials/M_StatueGlass.uasset" 739
"g:/Users/Nadav/Documents/Unreal Projects/Swoimz/Content/StarterContent/Textures/T_Statue_M.uasset" 740
"g:/Users/Nadav/Documents/Unreal Projects/Swoimz/Content/StarterContent/Textures/T_Statue_N.uasset" 741
"g:/Users/Nadav/Documents/Unreal Projects/Swoimz/Intermediate/Shaders/tmp/84D1030549105CD39E1B20BC7E4DBFD5/0/WorkerOutputOnly.out" 742
"g:/Users/Nadav/Documents/Unreal Projects/Swoimz/Intermediate/Shaders/tmp/84D1030549105CD39E1B20BC7E4DBFD5/1/WorkerOutputOnly.out" 743
"g:/Users/Nadav/Documents/Unreal Projects/Swoimz/Intermediate/Shaders/tmp/84D1030549105CD39E1B20BC7E4DBFD5/2/WorkerOutputOnly.out" 744
"g:/Users/Nadav/Documents/Unreal Projects/Swoimz/Content/StarterContent/Materials/M_Wood_Pine.uasset" 745
"g:/Users/Nadav/Documents/Unreal Projects/Swoimz/Content/StarterContent/Textures/T_Wood_Pine_D.uasset" 746
"g:/Users/Nadav/Documents/Unreal Projects/Swoimz/Content/StarterContent/Textures/T_Wood_Pine_N.uasset" 747
"g:/Users/Nadav/Documents/Unreal Projects/Swoimz/Content/StarterContent/Materials/M_Wood_Oak.uasset" 748
"g:/Users/Nadav/Documents/Unreal Projects/Swoimz/Content/StarterContent/Textures/T_Wood_Oak_D.uasset" 749
"g:/Users/Nadav/Documents/Unreal Projects/Swoimz/Content/StarterContent/Textures/T_Wood_Oak_N.uasset" 750
"g:/Users/Nadav/Documents/Unreal Projects/Swoimz/Content/StarterContent/Materials/M_Wood_Floor_Walnut_Worn.uasset" 751
"../../../Engine/Content/Functions/Engine_MaterialFunctions01/Opacity/AlphaOffset.uasset" 752
"g:/Users/Nadav/Documents/Unreal Projects/Swoimz/Content/StarterContent/Textures/T_Wood_Floor_Walnut_D.uasset" 753
"g:/Users/Nadav/Documents/Unreal Projects/Swoimz/Content/StarterContent/Textures/T_Wood_Floor_Walnut_M.uasset" 754
"g:/Users/Nadav/Documents/Unreal Projects/Swoimz/Content/StarterContent/Textures/T_Wood_Floor_Walnut_N.uasset" 755
"g:/Users/Nadav/Documents/Unreal Projects/Swoimz/Content/StarterContent/Materials/M_Wood_Floor_Walnut_Polished.uasset" 756
"g:/Users/Nadav/Documents/Unreal Projects/Swoimz/Content/StarterContent/Materials/M_Water_Ocean.uasset" 757
"g:/Users/Nadav/Documents/Unreal Projects/Swoimz/Content/StarterContent/Textures/T_Water_M.uasset" 758
"g:/Users/Nadav/Documents/Unreal Projects/Swoimz/Content/StarterContent/Materials/M_Water_Lake.uasset" 759
"g:/Users/Nadav/Documents/Unreal Projects/Swoimz/Content/StarterContent/Materials/M_Tech_Panel.uasset" 760
"g:/Users/Nadav/Documents/Unreal Projects/Swoimz/Content/StarterContent/Textures/T_Tech_Panel_M.uasset" 761
"g:/Users/Nadav/Documents/Unreal Projects/Swoimz/Content/StarterContent/Textures/T_Tech_Panel_N.uasset" 762
"g:/Users/Nadav/Documents/Unreal Projects/Swoimz/Content/StarterContent/Materials/M_Tech_Hex_Tile_Pulse.uasset" 763
"g:/Users/Nadav/Documents/Unreal Projects/Swoimz/Content/StarterContent/Textures/T_Tech_Hex_Tile_M.uasset" 764
"g:/Users/Nadav/Documents/Unreal Projects/Swoimz/Content/StarterContent/Textures/T_Tech_Hex_Tile_N.uasset" 765
"g:/Users/Nadav/Documents/Unreal Projects/Swoimz/Content/StarterContent/Materials/M_Tech_Hex_Tile.uasset" 766
"g:/Users/Nadav/Documents/Unreal Projects/Swoimz/Content/StarterContent/Materials/M_Tech_Checker_Dot.uasset" 767
"g:/Users/Nadav/Documents/Unreal Projects/Swoimz/Content/StarterContent/Textures/T_Checker_Noise_M.uasset" 768
"g:/Users/Nadav/Documents/Unreal Projects/Swoimz/Content/StarterContent/Textures/T_Single_Tile_N.uasset" 769
"g:/Users/Nadav/Documents/Unreal Projects/Swoimz/Content/StarterContent/Textures/T_Tech_Dot_M.uasset" 770
"g:/Users/Nadav/Documents/Unreal Projects/Swoimz/Content/StarterContent/Textures/T_Tech_Dot_N.uasset" 771
"g:/Users/Nadav/Documents/Unreal Projects/Swoimz/Content/StarterContent/Materials/M_Rock_Slate.uasset" 772
"g:/Users/Nadav/Documents/Unreal Projects/Swoimz/Content/StarterContent/Textures/T_Rock_Slate_D.uasset" 773
"g:/Users/Nadav/Documents/Unreal Projects/Swoimz/Content/StarterContent/Textures/T_Rock_Slate_N.uasset" 774
"g:/Users/Nadav/Documents/Unreal Projects/Swoimz/Content/StarterContent/Materials/M_Rock_Sandstone.uasset" 775
"g:/Users/Nadav/Documents/Unreal Projects/Swoimz/Content/StarterContent/Textures/T_Rock_Sandstone_D.uasset" 776
"g:/Users/Nadav/Documents/Unreal Projects/Swoimz/Content/StarterContent/Textures/T_Rock_Sandstone_N.uasset" 777
"g:/Users/Nadav/Documents/Unreal Projects/Swoimz/Content/StarterContent/Blueprints/Assets/SunlightColorLUT.uasset" 778
"g:/Users/Nadav/Documents/Unreal Projects/Swoimz/Content/StarterContent/Blueprints/Assets/SM_Arrows.uasset" 779
"g:/Users/Nadav/Documents/Unreal Projects/Swoimz/Content/StarterContent/Blueprints/Assets/Skybox.uasset" 780
"../../../Engine/Content/EditorMaterials/Thumbnails/SkySphereMaterial.uasset" 781
"g:/Users/Nadav/Documents/Unreal Projects/Swoimz/Content/StarterContent/Blueprints/Assets/M_LightStage_Skybox_Master.uasset" 782
"../../../Engine/Content/MapTemplates/Sky/DaylightAmbientCubemap.uasset" 783
"g:/Users/Nadav/Documents/Unreal Projects/Swoimz/Content/StarterContent/Blueprints/Assets/M_LightStage_Skybox_HDRI.uasset" 784
"g:/Users/Nadav/Documents/Unreal Projects/Swoimz/Content/StarterContent/Blueprints/Assets/M_LightStage_Skybox_Black.uasset" 785
"g:/Users/Nadav/Documents/Unreal Projects/Swoimz/Content/StarterContent/Blueprints/Assets/M_LightStage_Arrows.uasset" 786
"g:/Users/Nadav/Documents/Unreal Projects/Swoimz/Content/StarterContent/Blueprints/Assets/FogBrightnessLUT.uasset" 787
"g:/Users/Nadav/Documents/Unreal Projects/Swoimz/Content/StarterContent/Blueprints/BP_LightStudio.uasset" 788
"g:/Users/Nadav/Documents/Unreal Projects/Swoimz/Content/StarterContent/Blueprints/Blueprint_WallSconce.uasset" 789
"g:/Users/Nadav/Documents/Unreal Projects/Swoimz/Content/StarterContent/Blueprints/Blueprint_Effect_Steam.uasset" 790
"g:/Users/Nadav/Documents/Unreal Projects/Swoimz/Content/StarterContent/Audio/Steam01_Cue.uasset" 791
"g:/Users/Nadav/Documents/Unreal Projects/Swoimz/Content/StarterContent/Audio/Steam01.uasset" 792
"g:/Users/Nadav/Documents/Unreal Projects/Swoimz/Content/StarterContent/Blueprints/Blueprint_Effect_Sparks.uasset" 793
"g:/Users/Nadav/Documents/Unreal Projects/Swoimz/Content/StarterContent/Audio/Fire_Sparks01_Cue.uasset" 794
"g:/Users/Nadav/Documents/Unreal Projects/Swoimz/Content/StarterContent/Audio/Fire_Sparks01.uasset" 795
"g:/Users/Nadav/Documents/Unreal Projects/Swoimz/Content/StarterContent/Particles/P_Sparks.uasset" 796
"g:/Users/Nadav/Documents/Unreal Projects/Swoimz/Content/StarterContent/Blueprints/Blueprint_Effect_Smoke.uasset" 797
"g:/Users/Nadav/Documents/Unreal Projects/Swoimz/Content/StarterContent/Audio/Smoke01_Cue.uasset" 798
"g:/Users/Nadav/Documents/Unreal Projects/Swoimz/Content/StarterContent/Audio/Smoke01.uasset" 799
"g:/Users/Nadav/Documents/Unreal Projects/Swoimz/Content/StarterContent/Particles/P_Smoke.uasset" 800
"g:/Users/Nadav/Documents/Unreal Projects/Swoimz/Content/StarterContent/Blueprints/Blueprint_Effect_Fire.uasset" 801
"g:/Users/Nadav/Documents/Unreal Projects/Swoimz/Content/StarterContent/Audio/Fire01_Cue.uasset" 802
"g:/Users/Nadav/Documents/Unreal Projects/Swoimz/Content/StarterContent/Audio/Fire01.uasset" 803
"g:/Users/Nadav/Documents/Unreal Projects/Swoimz/Content/StarterContent/Particles/P_Fire.uasset" 804
"g:/Users/Nadav/Documents/Unreal Projects/Swoimz/Content/StarterContent/Blueprints/Blueprint_Effect_Explosion.uasset" 805
"g:/Users/Nadav/Documents/Unreal Projects/Swoimz/Content/StarterContent/Audio/Explosion_Cue.uasset" 806
"g:/Users/Nadav/Documents/Unreal Projects/Swoimz/Content/StarterContent/Audio/Explosion01.uasset" 807
"g:/Users/Nadav/Documents/Unreal Projects/Swoimz/Content/StarterContent/Audio/Explosion02.uasset" 808
"g:/Users/Nadav/Documents/Unreal Projects/Swoimz/Content/StarterContent/Particles/P_Explosion.uasset" 809
"g:/Users/Nadav/Documents/Unreal Projects/Swoimz/Content/StarterContent/Blueprints/Blueprint_CeilingLight.uasset" 810
"g:/Users/Nadav/Documents/Unreal Projects/Swoimz/Content/StarterContent/Audio/Starter_Wind06.uasset" 811
"g:/Users/Nadav/Documents/Unreal Projects/Swoimz/Content/StarterContent/Audio/Starter_Wind05.uasset" 812
"g:/Users/Nadav/Documents/Unreal Projects/Swoimz/Content/StarterContent/Audio/Starter_Music_Cue.uasset" 813
"g:/Users/Nadav/Documents/Unreal Projects/Swoimz/Content/StarterContent/Audio/Starter_Music01.uasset" 814
"g:/Users/Nadav/Documents/Unreal Projects/Swoimz/Content/StarterContent/Audio/Starter_Birds01.uasset" 815
"g:/Users/Nadav/Documents/Unreal Projects/Swoimz/Content/StarterContent/Audio/Starter_Background_Cue.uasset" 816
"g:/Users/Nadav/Documents/Unreal Projects/Swoimz/Content/StarterContent/Audio/Light02_Cue.uasset" 817
"g:/Users/Nadav/Documents/Unreal Projects/Swoimz/Content/StarterContent/Audio/Light02.uasset" 818
"g:/Users/Nadav/Documents/Unreal Projects/Swoimz/Content/StarterContent/Audio/Light01_Cue.uasset" 819
"g:/Users/Nadav/Documents/Unreal Projects/Swoimz/Content/StarterContent/Audio/Light01.uasset" 820
"g:/Users/Nadav/Documents/Unreal Projects/Swoimz/Content/StarterContent/Audio/Collapse_Cue.uasset" 821
"g:/Users/Nadav/Documents/Unreal Projects/Swoimz/Content/StarterContent/Audio/Collapse01.uasset" 822
"g:/Users/Nadav/Documents/Unreal Projects/Swoimz/Content/StarterContent/Audio/Collapse02.uasset" 823
"../../../Engine/Content/MobileResources/T_MobileMenu2.uasset" 824
"../../../Engine/Content/Maps/Entry.umap" 825
"../../../Engine/Content/EngineMaterials/DefaultNormal.uasset" 826
"g:/Users/Nadav/Documents/Unreal Projects/Swoimz/Content/TopDownBP/Maps/TopDownExampleMap.umap" 827
"../../../Engine/Content/EngineSky/BP_Sky_Sphere.uasset" 828
"../../../Engine/Content/EngineSky/C_Sky_Cloud_Color.uasset" 829
"../../../Engine/Content/EngineSky/C_Sky_Horizon_Color.uasset" 830
"../../../Engine/Content/EngineSky/C_Sky_Zenith_Color.uasset" 831
"../../../Engine/Content/EngineSky/M_Sky_Panning_Clouds2.uasset" 832
"../../../Engine/Content/EngineSky/T_Sky_Blue.uasset" 833
"../../../Engine/Content/EngineSky/T_Sky_Clouds_M.uasset" 834
"../../../Engine/Content/EngineSky/T_Sky_Stars.uasset" 835
"../../../Engine/Content/EngineSky/SM_SkySphere.uasset" 836
"../../../Engine/Content/EngineMaterials/AntiAliasedTextMaterialTranslucent.uasset" 837
"../../../Engine/Content/Functions/Engine_MaterialFunctions03/Procedurals/ComputeFilterWidth.uasset" 838
"../../../Engine/Content/EditorResources/EmptyActor.uasset" 839
"g:/Users/Nadav/Documents/Unreal Projects/Swoimz/Content/StarterContent/Maps/Minimal_Default.umap" 840
"g:/Users/Nadav/Documents/Unreal Projects/Swoimz/Content/StarterContent/Props/SM_Statue.uasset" 841
"g:/Users/Nadav/Documents/Unreal Projects/Swoimz/Content/StarterContent/Props/Materials/M_Statue.uasset" 842
"g:/Users/Nadav/Documents/Unreal Projects/Swoimz/Content/StarterContent/Props/SM_TableRound.uasset" 843
"../../../Engine/Content/EditorResources/AudioIcons/S_AudioComponent_AutoActivate.uasset" 844
"g:/Users/Nadav/Documents/Unreal Projects/Swoimz/Content/StarterContent/Maps/Advanced_Lighting.umap" 845
"../../../Engine/Content/EditorMeshes/ColorCalibrator/SM_ColorCalibrator.uasset" 846
"../../../Engine/Content/EditorMeshes/ColorCalibrator/M_ChromeBall.uasset" 847
"../../../Engine/Content/EditorMeshes/ColorCalibrator/M_ClearCoat.uasset" 848
"../../../Engine/Content/EditorMeshes/ColorCalibrator/M_ClearCoatBlack.uasset" 849
"../../../Engine/Content/EditorMeshes/ColorCalibrator/M_ColorGrid.uasset" 850
"../../../Engine/Content/EditorMeshes/ColorCalibrator/M_GreyBall.uasset" 851
"../../../Engine/Content/EditorResources/LightIcons/S_LightError.uasset" 852
"g:/Users/Nadav/Documents/Unreal Projects/Swoimz/Content/TopDownBP/Character/TopDownIdleRun.uasset" 853
"g:/Users/Nadav/Documents/Unreal Projects/Swoimz/Content/StarterContent/Textures/T_Wood_Walnut_D.uasset" 854
"g:/Users/Nadav/Documents/Unreal Projects/Swoimz/Content/StarterContent/Shapes/Shape_Pipe.uasset" 855
"g:/Users/Nadav/Documents/Unreal Projects/Swoimz/Content/StarterContent/Shapes/Shape_NarrowCapsule.uasset" 856
"g:/Users/Nadav/Documents/Unreal Projects/Swoimz/Content/StarterContent/Props/Materials/M_Shelf.uasset" 857
"g:/Users/Nadav/Documents/Unreal Projects/Swoimz/Content/StarterContent/Textures/T_Shelf_M.uasset" 858
"g:/Users/Nadav/Documents/Unreal Projects/Swoimz/Content/StarterContent/Textures/T_Shelf_N.uasset" 859
"g:/Users/Nadav/Documents/Unreal Projects/Swoimz/Content/StarterContent/Props/Materials/M_Rock.uasset" 860
"g:/Users/Nadav/Documents/Unreal Projects/Swoimz/Content/StarterContent/Textures/T_RockMesh_M.uasset" 861
"g:/Users/Nadav/Documents/Unreal Projects/Swoimz/Content/StarterContent/Textures/T_RockMesh_N.uasset" 862
"g:/Users/Nadav/Documents/Unreal Projects/Swoimz/Content/StarterContent/Props/SM_WindowFrame.uasset" 863
"g:/Users/Nadav/Documents/Unreal Projects/Swoimz/Content/StarterContent/Props/SM_Stairs.uasset" 864
"g:/Users/Nadav/Documents/Unreal Projects/Swoimz/Content/StarterContent/Props/SM_Shelf.uasset" 865
"g:/Users/Nadav/Documents/Unreal Projects/Swoimz/Content/StarterContent/Props/SM_Rock.uasset" 866
"g:/Users/Nadav/Documents/Unreal Projects/Swoimz/Content/StarterContent/Props/SM_PillarFrame300.uasset" 867
"g:/Users/Nadav/Documents/Unreal Projects/Swoimz/Content/Mannequin/Character/Mesh/SK_Mannequin_PhysicsAsset.uasset" 868
"g:/Users/Nadav/Documents/Unreal Projects/Swoimz/Content/StarterContent/Shapes/Shape_Tube.uasset" 869
"g:/Users/Nadav/Documents/Unreal Projects/Swoimz/Content/StarterContent/Shapes/Shape_TriPyramid.uasset" 870
"g:/Users/Nadav/Documents/Unreal Projects/Swoimz/Content/StarterContent/Shapes/Shape_Trim_90_Out.uasset" 871
"g:/Users/Nadav/Documents/Unreal Projects/Swoimz/Content/StarterContent/Shapes/Shape_Trim_90_In.uasset" 872
"g:/Users/Nadav/Documents/Unreal Projects/Swoimz/Content/StarterContent/Shapes/Shape_Trim.uasset" 873
"g:/Users/Nadav/Documents/Unreal Projects/Swoimz/Content/StarterContent/Shapes/Shape_Torus.uasset" 874
"g:/Users/Nadav/Documents/Unreal Projects/Swoimz/Content/StarterContent/Shapes/Shape_Sphere.uasset" 875
"g:/Users/Nadav/Documents/Unreal Projects/Swoimz/Content/StarterContent/Shapes/Shape_QuadPyramid.uasset" 876
"g:/Users/Nadav/Documents/Unreal Projects/Swoimz/Content/StarterContent/Shapes/Shape_Plane.uasset" 877
"g:/Users/Nadav/Documents/Unreal Projects/Swoimz/Content/StarterContent/Shapes/Shape_Pipe_90.uasset" 878
"g:/Users/Nadav/Documents/Unreal Projects/Swoimz/Content/StarterContent/Shapes/Shape_Pipe_180.uasset" 879
"g:/Users/Nadav/Documents/Unreal Projects/Swoimz/Content/StarterContent/Materials/M_Wood_Walnut.uasset" 880
"g:/Users/Nadav/Documents/Unreal Projects/Swoimz/Content/Mannequin/Animations/ThirdPersonJump_End.uasset" 881
"../../../Engine/Content/MobileResources/HUD/T_Castle_ThumbstickOutter.uasset" 882
"../../../Engine/Content/MobileResources/HUD/MobileHUDDirectionPad3.uasset" 883
"../../../Engine/Content/MobileResources/HUD/T_Castle_ThumbstickInner.uasset" 884
"g:/Users/Nadav/Documents/Unreal Projects/Swoimz/Content/StarterContent/Shapes/Shape_Wedge_B.uasset" 885
"g:/Users/Nadav/Documents/Unreal Projects/Swoimz/Content/StarterContent/Shapes/Shape_Wedge_A.uasset" 886
"../../../Engine/Content/MobileResources/HUD/MobileHUDButtonFire.uasset" 887
"../../../Engine/Content/MobileResources/HUD/MobileHUDButton3.uasset" 888
"../../../Engine/Content/MobileResources/T_MobileControls_texture.uasset" 889
"g:/Users/Nadav/Documents/Unreal Projects/Swoimz/Content/StarterContent/Maps/StarterMap.umap" 890
"g:/Users/Nadav/Documents/Unreal Projects/Swoimz/Content/StarterContent/Particles/P_Ambient_Dust.uasset" 891
"../../../Engine/Content/EditorResources/AudioIcons/S_AudioComponent.uasset" 892
"../../../Engine/Content/MobileResources/HUD/MobileHUDButton2_off.uasset" 893
"../../../Engine/Content/MobileResources/HUD/MobileHUDDirectionPad2.uasset" 894
"../../../Engine/Content/MobileResources/HUD/AnalogHat.uasset" 895
"../../../Engine/Content/MobileResources/HUD/MobileHUDButton1_off.uasset" 896
"../../../Engine/Content/MobileResources/HUD/MobileHUDDirectionPad.uasset" 897
"../../../Engine/Content/MobileResources/HUD/MobileHUDButton2_on.uasset" 898
"../../../Engine/Content/MobileResources/HUD/MobileHUDButton1_on.uasset" 899
"../../../Engine/Content/MobileResources/HUD/DefaultVirtualJoysticks.uasset" 900
"g:/Users/Nadav/Documents/Unreal Projects/Swoimz/Content/TopDownBP/Character/TopDownSkeletalMesh.uasset" 901
"g:/Users/Nadav/Documents/Unreal Projects/Swoimz/Content/StarterContent/Shapes/Shape_WideCapsule.uasset" 902
"../../../Engine/Content/MobileResources/HUD/LeftVirtualJoystickOnly.uasset" 903
"g:/Users/Nadav/Documents/Unreal Projects/Swoimz/Saved/Stats/2015.10.31-22.31.31Stats.csv" 904
"..\..\..\Engine\Content\Internationalization\icudt53l\windowsZones.res" 905
"..\..\..\Engine\Content\Internationalization\icudt53l\zoneinfo64.res" 906
"..\..\..\Engine\Content\Internationalization\icudt53l\keyTypeData.res" 907
"..\..\..\Engine\Content\Internationalization\icudt53l\timezoneTypes.res" 908
"..\..\..\Engine\Content\Internationalization\icudt53l\supplementalData.res" 909
"..\..\..\Engine\Content\Internationalization\icudt53l\likelySubtags.res" 910
